2023-08-16 17:59:26  WM_QUERYENDSESSION (lParam: 0 - ordinary system shutdown/restart) =====================================
2023-08-16 17:59:26  WM_ENDSESSION (wParam: TRUE, lParam: 0 - ordinary system shutdown/restart)
2023-08-27 12:10:14  WM_QUERYENDSESSION (lParam: 0 - ordinary system shutdown/restart) =====================================
2023-08-27 12:10:14  WM_ENDSESSION (wParam: TRUE, lParam: 0 - ordinary system shutdown/restart)
2023-08-27 12:10:14  C:\Users\zgzen\OneDrive\Documents\npp_config\config.xml is opened.
2023-08-27 12:10:14  C:\Users\zgzen\OneDrive\Documents\npp_config\config.xml  9506/9506 bytes are written.
2023-08-27 12:10:14  C:\Users\zgzen\OneDrive\Documents\npp_config\config.xml is closed.
2023-08-27 12:10:14  C:\Users\zgzen\AppData\Roaming\Notepad++\session.xml is opened.
2023-08-27 12:10:14  C:\Users\zgzen\AppData\Roaming\Notepad++\session.xml  3118/3118 bytes are written.
2023-08-27 12:10:14  C:\Users\zgzen\AppData\Roaming\Notepad++\session.xml is closed.
2023-08-27 12:10:14  WM_DESTROY (isEndSessionStarted == true)
2023-08-29 09:30:38  WM_QUERYENDSESSION (lParam: 0 - ordinary system shutdown/restart) =====================================
2023-08-29 09:30:38  WM_ENDSESSION (wParam: TRUE, lParam: 0 - ordinary system shutdown/restart)
2023-08-29 09:30:38  C:\Users\zgzen\OneDrive\Documents\npp_config\config.xml is opened.
2023-08-29 09:30:38  C:\Users\zgzen\OneDrive\Documents\npp_config\config.xml  9797/9797 bytes are written.
2023-08-29 09:30:38  C:\Users\zgzen\OneDrive\Documents\npp_config\config.xml is closed.
2023-08-29 09:30:38  C:\Users\zgzen\AppData\Roaming\Notepad++\session.xml is opened.
2023-08-29 09:30:38  C:\Users\zgzen\AppData\Roaming\Notepad++\session.xml  5254/5254 bytes are written.
2023-08-29 09:30:38  C:\Users\zgzen\AppData\Roaming\Notepad++\session.xml is closed.
2023-08-29 09:30:38  WM_DESTROY (isEndSessionStarted == true)
2023-09-07 13:59:46  WM_QUERYENDSESSION (lParam: 0 - ordinary system shutdown/restart) =====================================
2023-09-07 13:59:46  WM_QUERYENDSESSION (lParam: 0 - ordinary system shutdown/restart) =====================================
2023-09-07 13:59:46  WM_ENDSESSION (wParam: TRUE, lParam: 0 - ordinary system shutdown/restart)
2023-09-07 13:59:46  C:\Users\zgzen\OneDrive\Documents\npp_config\config.xml is opened.
2023-09-07 13:59:46  C:\Users\zgzen\OneDrive\Documents\npp_config\config.xml  9788/9788 bytes are written.
2023-09-07 13:59:46  C:\Users\zgzen\OneDrive\Documents\npp_config\config.xml is closed.
2023-09-07 13:59:46  C:\Users\zgzen\AppData\Roaming\Notepad++\session.xml is opened.
2023-09-07 13:59:46  C:\Users\zgzen\AppData\Roaming\Notepad++\session.xml  3200/3200 bytes are written.
2023-09-07 13:59:46  C:\Users\zgzen\AppData\Roaming\Notepad++\session.xml is closed.
2023-09-07 13:59:49  WM_ENDSESSION (wParam: TRUE, lParam: 1073741824 - ENDSESSION_CRITICAL)
2023-09-07 13:59:49  C:\Users\zgzen\OneDrive\Documents\npp_config\config.xml is opened.
2023-09-07 13:59:49  C:\Users\zgzen\OneDrive\Documents\npp_config\config.xml  9755/9755 bytes are written.
2023-09-07 13:59:49  C:\Users\zgzen\OneDrive\Documents\npp_config\config.xml is closed.
2023-09-07 13:59:49  WM_DESTROY (isEndSessionStarted == true)
2023-09-13 02:00:04  WM_QUERYENDSESSION (lParam: 1073741825 - ENDSESSION_CLOSEAPP - ENDSESSION_CRITICAL) =====================================
2023-09-13 02:00:04  WM_ENDSESSION (wParam: TRUE, lParam: 1073741825 - ENDSESSION_CLOSEAPP - ENDSESSION_CRITICAL)
2023-09-13 02:00:05  C:\Users\zgzen\OneDrive\Documents\npp_config\config.xml is opened.
2023-09-13 02:00:05  C:\Users\zgzen\OneDrive\Documents\npp_config\config.xml  9656/9656 bytes are written.
2023-09-13 02:00:05  C:\Users\zgzen\OneDrive\Documents\npp_config\config.xml is closed.
2023-09-13 02:00:05  C:\Users\zgzen\AppData\Roaming\Notepad++\session.xml is opened.
2023-09-13 02:00:05  C:\Users\zgzen\AppData\Roaming\Notepad++\session.xml  1471/1471 bytes are written.
2023-09-13 02:00:05  C:\Users\zgzen\AppData\Roaming\Notepad++\session.xml is closed.
2023-09-13 02:00:05  WM_DESTROY (isEndSessionStarted == true)
2023-09-24 18:55:42  WM_QUERYENDSESSION (lParam: 0 - ordinary system shutdown/restart) =====================================
2023-09-24 18:55:42  WM_ENDSESSION (wParam: TRUE, lParam: 0 - ordinary system shutdown/restart)
2023-09-24 18:55:42  C:\Users\zgzen\OneDrive\Documents\npp_config\config.xml is opened.
2023-09-24 18:55:42  C:\Users\zgzen\OneDrive\Documents\npp_config\config.xml  9999/9999 bytes are written.
2023-09-24 18:55:42  C:\Users\zgzen\OneDrive\Documents\npp_config\config.xml is closed.
2023-09-24 18:55:42  C:\Users\zgzen\AppData\Roaming\Notepad++\session.xml is opened.
2023-09-24 18:55:42  C:\Users\zgzen\AppData\Roaming\Notepad++\session.xml  6804/6804 bytes are written.
2023-09-24 18:55:42  C:\Users\zgzen\AppData\Roaming\Notepad++\session.xml is closed.
2023-09-24 18:55:42  WM_DESTROY (isEndSessionStarted == true)
2023-10-21 23:19:16  WM_QUERYENDSESSION (lParam: 1073741825 - ENDSESSION_CLOSEAPP - ENDSESSION_CRITICAL) =====================================
2023-10-21 23:19:17  WM_ENDSESSION (wParam: TRUE, lParam: 1073741825 - ENDSESSION_CLOSEAPP - ENDSESSION_CRITICAL)
2023-10-21 23:19:18  C:\Users\zgzen\OneDrive\Documents\npp_config\config.xml is opened.
2023-10-21 23:19:18  C:\Users\zgzen\OneDrive\Documents\npp_config\config.xml  10118/10118 bytes are written.
2023-10-21 23:19:18  C:\Users\zgzen\OneDrive\Documents\npp_config\config.xml is closed.
2023-10-21 23:19:18  C:\Users\zgzen\AppData\Roaming\Notepad++\session.xml is opened.
2023-10-21 23:19:18  C:\Users\zgzen\AppData\Roaming\Notepad++\session.xml  2576/2576 bytes are written.
2023-10-21 23:19:18  C:\Users\zgzen\AppData\Roaming\Notepad++\session.xml is closed.
2023-10-21 23:19:18  WM_DESTROY (isEndSessionStarted == true)
2023-11-09 13:26:29  WM_QUERYENDSESSION (lParam: 0 - ordinary system shutdown/restart) =====================================
2023-11-09 13:26:29  WM_ENDSESSION (wParam: TRUE, lParam: 0 - ordinary system shutdown/restart)
2023-11-09 13:26:29  C:\Users\zgzen\OneDrive\Documents\npp_config\config.xml is opened.
2023-11-09 13:26:29  C:\Users\zgzen\OneDrive\Documents\npp_config\config.xml  10156/10156 bytes are written.
2023-11-09 13:26:29  C:\Users\zgzen\OneDrive\Documents\npp_config\config.xml is closed.
2023-11-09 13:26:29  C:\Users\zgzen\AppData\Roaming\Notepad++\session.xml is opened.
2023-11-09 13:26:29  C:\Users\zgzen\AppData\Roaming\Notepad++\session.xml  3279/3279 bytes are written.
2023-11-09 13:26:29  C:\Users\zgzen\AppData\Roaming\Notepad++\session.xml is closed.
2023-11-09 13:26:29  WM_DESTROY (isEndSessionStarted == true)
2023-11-10 06:29:41  WM_QUERYENDSESSION (lParam: 0 - ordinary system shutdown/restart) =====================================
2023-11-10 06:29:41  WM_ENDSESSION (wParam: TRUE, lParam: 0 - ordinary system shutdown/restart)
2023-11-10 06:29:41  C:\Users\zgzen\OneDrive\Documents\npp_config\config.xml is opened.
2023-11-10 06:29:41  C:\Users\zgzen\OneDrive\Documents\npp_config\config.xml  10247/10247 bytes are written.
2023-11-10 06:29:41  C:\Users\zgzen\OneDrive\Documents\npp_config\config.xml is closed.
2023-11-10 06:29:41  C:\Users\zgzen\AppData\Roaming\Notepad++\session.xml is opened.
2023-11-10 06:29:41  C:\Users\zgzen\AppData\Roaming\Notepad++\session.xml  2602/2602 bytes are written.
2023-11-10 06:29:41  C:\Users\zgzen\AppData\Roaming\Notepad++\session.xml is closed.
2023-11-10 06:29:41  WM_DESTROY (isEndSessionStarted == true)
2023-11-17 13:26:23  WM_QUERYENDSESSION (lParam: 0 - ordinary system shutdown/restart) =====================================
2023-11-17 13:26:23  WM_ENDSESSION (wParam: TRUE, lParam: 0 - ordinary system shutdown/restart)
2023-11-17 13:26:23  C:\Users\zgzen\OneDrive\Documents\npp_config\config.xml is opened.
2023-11-17 13:26:23  C:\Users\zgzen\OneDrive\Documents\npp_config\config.xml  10268/10268 bytes are written.
2023-11-17 13:26:23  C:\Users\zgzen\OneDrive\Documents\npp_config\config.xml is closed.
2023-11-17 13:26:23  C:\Users\zgzen\AppData\Roaming\Notepad++\session.xml is opened.
2023-11-17 13:26:23  C:\Users\zgzen\AppData\Roaming\Notepad++\session.xml  3188/3188 bytes are written.
2023-11-17 13:26:23  C:\Users\zgzen\AppData\Roaming\Notepad++\session.xml is closed.
2023-11-17 13:26:23  WM_DESTROY (isEndSessionStarted == true)
2023-12-03 10:25:52  WM_QUERYENDSESSION (lParam: 0 - ordinary system shutdown/restart) =====================================
2023-12-03 10:25:52  WM_ENDSESSION (wParam: TRUE, lParam: 0 - ordinary system shutdown/restart)
2023-12-03 10:25:52  C:\Users\zgzen\OneDrive\Documents\npp_config\config.xml is opened.
2023-12-03 10:25:52  C:\Users\zgzen\OneDrive\Documents\npp_config\config.xml  9828/9828 bytes are written.
2023-12-03 10:25:52  C:\Users\zgzen\OneDrive\Documents\npp_config\config.xml is closed.
2023-12-03 10:25:52  C:\Users\zgzen\AppData\Roaming\Notepad++\session.xml is opened.
2023-12-03 10:25:52  C:\Users\zgzen\AppData\Roaming\Notepad++\session.xml  5568/5568 bytes are written.
2023-12-03 10:25:52  C:\Users\zgzen\AppData\Roaming\Notepad++\session.xml is closed.
2023-12-03 10:25:52  WM_DESTROY (isEndSessionStarted == true)
2023-12-08 19:22:07  WM_QUERYENDSESSION (lParam: 0 - ordinary system shutdown/restart) =====================================
2023-12-08 19:22:07  WM_ENDSESSION (wParam: TRUE, lParam: 0 - ordinary system shutdown/restart)
2023-12-08 19:22:07  C:\Users\zgzen\OneDrive\Documents\npp_config\config.xml is opened.
2023-12-08 19:22:07  C:\Users\zgzen\OneDrive\Documents\npp_config\config.xml  10355/10355 bytes are written.
2023-12-08 19:22:07  C:\Users\zgzen\OneDrive\Documents\npp_config\config.xml is closed.
2023-12-08 19:22:07  C:\Users\zgzen\AppData\Roaming\Notepad++\session.xml is opened.
2023-12-08 19:22:07  C:\Users\zgzen\AppData\Roaming\Notepad++\session.xml  193/193 bytes are written.
2023-12-08 19:22:07  C:\Users\zgzen\AppData\Roaming\Notepad++\session.xml is closed.
2023-12-08 19:22:07  WM_DESTROY (isEndSessionStarted == true)
2023-12-13 01:34:02  WM_QUERYENDSESSION (lParam: 1073741825 - ENDSESSION_CLOSEAPP - ENDSESSION_CRITICAL) =====================================
2023-12-13 01:34:02  WM_ENDSESSION (wParam: TRUE, lParam: 1073741825 - ENDSESSION_CLOSEAPP - ENDSESSION_CRITICAL)
2023-12-13 01:34:02  C:\Users\zgzen\OneDrive\Documents\npp_config\config.xml is opened.
2023-12-13 01:34:02  C:\Users\zgzen\OneDrive\Documents\npp_config\config.xml  10250/10250 bytes are written.
2023-12-13 01:34:02  C:\Users\zgzen\OneDrive\Documents\npp_config\config.xml is closed.
2023-12-13 01:34:02  C:\Users\zgzen\AppData\Roaming\Notepad++\session.xml is opened.
2023-12-13 01:34:02  C:\Users\zgzen\AppData\Roaming\Notepad++\session.xml  794/794 bytes are written.
2023-12-13 01:34:02  C:\Users\zgzen\AppData\Roaming\Notepad++\session.xml is closed.
2023-12-13 01:34:02  WM_DESTROY (isEndSessionStarted == true)
2023-12-19 21:46:04  WM_QUERYENDSESSION (lParam: 1073741824 - ENDSESSION_CRITICAL) =====================================
2023-12-19 21:46:05  WM_ENDSESSION (wParam: TRUE, lParam: 1073741824 - ENDSESSION_CRITICAL)
2023-12-19 21:46:05  C:\Users\zgzen\OneDrive\Documents\npp_config\config.xml is opened.
2023-12-19 21:46:05  C:\Users\zgzen\OneDrive\Documents\npp_config\config.xml  10249/10249 bytes are written.
2023-12-19 21:46:05  C:\Users\zgzen\OneDrive\Documents\npp_config\config.xml is closed.
2023-12-19 21:46:05  C:\Users\zgzen\AppData\Roaming\Notepad++\session.xml is opened.
2023-12-19 21:46:05  C:\Users\zgzen\AppData\Roaming\Notepad++\session.xml  3729/3729 bytes are written.
2023-12-19 21:46:05  C:\Users\zgzen\AppData\Roaming\Notepad++\session.xml is closed.
2023-12-19 21:46:05  WM_DESTROY (isEndSessionStarted == true)
2023-12-24 00:57:50  WM_QUERYENDSESSION (lParam: 0 - ordinary system shutdown/restart) =====================================
2023-12-24 00:57:50  WM_ENDSESSION (wParam: TRUE, lParam: 0 - ordinary system shutdown/restart)
2023-12-24 00:57:50  C:\Users\zgzen\OneDrive\Documents\npp_config\config.xml is opened.
2023-12-24 00:57:50  C:\Users\zgzen\OneDrive\Documents\npp_config\config.xml  10277/10277 bytes are written.
2023-12-24 00:57:50  C:\Users\zgzen\OneDrive\Documents\npp_config\config.xml is closed.
2023-12-24 00:57:50  C:\Users\zgzen\AppData\Roaming\Notepad++\session.xml is opened.
2023-12-24 00:57:50  C:\Users\zgzen\AppData\Roaming\Notepad++\session.xml  7959/7959 bytes are written.
2023-12-24 00:57:50  C:\Users\zgzen\AppData\Roaming\Notepad++\session.xml is closed.
2023-12-24 00:57:50  WM_DESTROY (isEndSessionStarted == true)
2023-12-30 18:22:03  WM_QUERYENDSESSION (lParam: 0 - ordinary system shutdown/restart) =====================================
2023-12-30 18:22:03  WM_ENDSESSION (wParam: TRUE, lParam: 0 - ordinary system shutdown/restart)
2023-12-30 18:22:04  C:\Users\zgzen\OneDrive\Documents\npp_config\config.xml is opened.
2023-12-30 18:22:04  C:\Users\zgzen\OneDrive\Documents\npp_config\config.xml  10081/10081 bytes are written.
2023-12-30 18:22:04  C:\Users\zgzen\OneDrive\Documents\npp_config\config.xml is closed.
2023-12-30 18:22:04  C:\Users\zgzen\AppData\Roaming\Notepad++\session.xml is opened.
2023-12-30 18:22:04  C:\Users\zgzen\AppData\Roaming\Notepad++\session.xml  1949/1949 bytes are written.
2023-12-30 18:22:04  C:\Users\zgzen\AppData\Roaming\Notepad++\session.xml is closed.
2023-12-30 18:22:04  WM_DESTROY (isEndSessionStarted == true)
2024-01-02 16:03:10  WM_QUERYENDSESSION (lParam: 0 - ordinary system shutdown/restart) =====================================
2024-01-02 16:03:10  WM_ENDSESSION (wParam: TRUE, lParam: 0 - ordinary system shutdown/restart)
2024-01-02 16:03:10  C:\Users\zgzen\OneDrive\Documents\npp_config\config.xml is opened.
2024-01-02 16:03:10  C:\Users\zgzen\OneDrive\Documents\npp_config\config.xml  10025/10025 bytes are written.
2024-01-02 16:03:10  C:\Users\zgzen\OneDrive\Documents\npp_config\config.xml is closed.
2024-01-02 16:03:10  C:\Users\zgzen\AppData\Roaming\Notepad++\session.xml is opened.
2024-01-02 16:03:10  C:\Users\zgzen\AppData\Roaming\Notepad++\session.xml  1368/1368 bytes are written.
2024-01-02 16:03:10  C:\Users\zgzen\AppData\Roaming\Notepad++\session.xml is closed.
2024-01-02 16:03:10  WM_DESTROY (isEndSessionStarted == true)
2024-01-03 23:51:10  WM_QUERYENDSESSION (lParam: 0 - ordinary system shutdown/restart) =====================================
2024-01-03 23:51:10  WM_ENDSESSION (wParam: TRUE, lParam: 0 - ordinary system shutdown/restart)
2024-01-03 23:51:10  C:\Users\zgzen\OneDrive\Documents\npp_config\config.xml is opened.
2024-01-03 23:51:10  C:\Users\zgzen\OneDrive\Documents\npp_config\config.xml  10165/10165 bytes are written.
2024-01-03 23:51:10  C:\Users\zgzen\OneDrive\Documents\npp_config\config.xml is closed.
2024-01-03 23:51:10  C:\Users\zgzen\AppData\Roaming\Notepad++\session.xml is opened.
2024-01-03 23:51:10  C:\Users\zgzen\AppData\Roaming\Notepad++\session.xml  1972/1972 bytes are written.
2024-01-03 23:51:10  C:\Users\zgzen\AppData\Roaming\Notepad++\session.xml is closed.
2024-01-03 23:51:10  WM_DESTROY (isEndSessionStarted == true)
2024-01-04 17:09:08  WM_QUERYENDSESSION (lParam: 0 - ordinary system shutdown/restart) =====================================
2024-01-04 17:09:08  WM_ENDSESSION (wParam: TRUE, lParam: 0 - ordinary system shutdown/restart)
2024-01-04 17:09:08  C:\Users\zgzen\OneDrive\Documents\npp_config\config.xml is opened.
2024-01-04 17:09:08  C:\Users\zgzen\OneDrive\Documents\npp_config\config.xml  10128/10128 bytes are written.
2024-01-04 17:09:08  C:\Users\zgzen\OneDrive\Documents\npp_config\config.xml is closed.
2024-01-04 17:09:08  C:\Users\zgzen\AppData\Roaming\Notepad++\session.xml is opened.
2024-01-04 17:09:08  C:\Users\zgzen\AppData\Roaming\Notepad++\session.xml  2553/2553 bytes are written.
2024-01-04 17:09:08  C:\Users\zgzen\AppData\Roaming\Notepad++\session.xml is closed.
2024-01-05 09:41:36  WM_QUERYENDSESSION (lParam: 0 - ordinary system shutdown/restart) =====================================
2024-01-05 09:41:36  WM_ENDSESSION (wParam: TRUE, lParam: 0 - ordinary system shutdown/restart)
2024-01-05 09:41:36  C:\Users\zgzen\OneDrive\Documents\npp_config\config.xml is opened.
2024-01-05 09:41:36  C:\Users\zgzen\OneDrive\Documents\npp_config\config.xml  10139/10139 bytes are written.
2024-01-05 09:41:36  C:\Users\zgzen\OneDrive\Documents\npp_config\config.xml is closed.
2024-01-05 09:41:36  C:\Users\zgzen\AppData\Roaming\Notepad++\session.xml is opened.
2024-01-05 09:41:36  C:\Users\zgzen\AppData\Roaming\Notepad++\session.xml  2555/2555 bytes are written.
2024-01-05 09:41:36  C:\Users\zgzen\AppData\Roaming\Notepad++\session.xml is closed.
2024-01-05 09:41:36  WM_DESTROY (isEndSessionStarted == true)
2024-01-06 00:09:49  WM_QUERYENDSESSION (lParam: 0 - ordinary system shutdown/restart) =====================================
2024-01-06 00:09:49  WM_ENDSESSION (wParam: TRUE, lParam: 0 - ordinary system shutdown/restart)
2024-01-06 00:09:49  C:\Users\zgzen\OneDrive\Documents\npp_config\config.xml is opened.
2024-01-06 00:09:49  C:\Users\zgzen\OneDrive\Documents\npp_config\config.xml  10085/10085 bytes are written.
2024-01-06 00:09:49  C:\Users\zgzen\OneDrive\Documents\npp_config\config.xml is closed.
2024-01-06 00:09:49  C:\Users\zgzen\AppData\Roaming\Notepad++\session.xml is opened.
2024-01-06 00:09:49  C:\Users\zgzen\AppData\Roaming\Notepad++\session.xml  3212/3212 bytes are written.
2024-01-06 00:09:49  C:\Users\zgzen\AppData\Roaming\Notepad++\session.xml is closed.
2024-01-06 00:09:49  WM_DESTROY (isEndSessionStarted == true)
2024-01-10 04:37:03  WM_QUERYENDSESSION (lParam: 1073741825 - ENDSESSION_CLOSEAPP - ENDSESSION_CRITICAL) =====================================
2024-01-10 04:37:03  WM_ENDSESSION (wParam: TRUE, lParam: 1073741825 - ENDSESSION_CLOSEAPP - ENDSESSION_CRITICAL)
2024-01-10 04:37:04  C:\Users\zgzen\OneDrive\Documents\npp_config\config.xml is opened.
2024-01-10 04:37:04  C:\Users\zgzen\OneDrive\Documents\npp_config\config.xml  10005/10005 bytes are written.
2024-01-10 04:37:04  C:\Users\zgzen\OneDrive\Documents\npp_config\config.xml is closed.
2024-01-10 04:37:04  C:\Users\zgzen\AppData\Roaming\Notepad++\session.xml is opened.
2024-01-10 04:37:04  C:\Users\zgzen\AppData\Roaming\Notepad++\session.xml  3726/3726 bytes are written.
2024-01-10 04:37:04  C:\Users\zgzen\AppData\Roaming\Notepad++\session.xml is closed.
2024-01-10 04:37:04  WM_DESTROY (isEndSessionStarted == true)
2024-01-10 23:50:07  WM_QUERYENDSESSION (lParam: 0 - ordinary system shutdown/restart) =====================================
2024-01-10 23:50:07  WM_ENDSESSION (wParam: TRUE, lParam: 0 - ordinary system shutdown/restart)
2024-01-10 23:50:07  C:\Users\zgzen\OneDrive\Documents\npp_config\config.xml is opened.
2024-01-10 23:50:07  C:\Users\zgzen\OneDrive\Documents\npp_config\config.xml  10202/10202 bytes are written.
2024-01-10 23:50:07  C:\Users\zgzen\OneDrive\Documents\npp_config\config.xml is closed.
2024-01-10 23:50:07  C:\Users\zgzen\AppData\Roaming\Notepad++\session.xml is opened.
2024-01-10 23:50:07  C:\Users\zgzen\AppData\Roaming\Notepad++\session.xml  2524/2524 bytes are written.
2024-01-10 23:50:07  C:\Users\zgzen\AppData\Roaming\Notepad++\session.xml is closed.
2024-01-10 23:50:07  WM_DESTROY (isEndSessionStarted == true)
2024-01-11 23:32:59  WM_QUERYENDSESSION (lParam: 0 - ordinary system shutdown/restart) =====================================
2024-01-11 23:32:59  WM_ENDSESSION (wParam: TRUE, lParam: 0 - ordinary system shutdown/restart)
2024-01-11 23:32:59  C:\Users\zgzen\OneDrive\Documents\npp_config\config.xml is opened.
2024-01-11 23:32:59  C:\Users\zgzen\OneDrive\Documents\npp_config\config.xml  10068/10068 bytes are written.
2024-01-11 23:32:59  C:\Users\zgzen\OneDrive\Documents\npp_config\config.xml is closed.
2024-01-11 23:32:59  C:\Users\zgzen\AppData\Roaming\Notepad++\session.xml is opened.
2024-01-11 23:32:59  C:\Users\zgzen\AppData\Roaming\Notepad++\session.xml  787/787 bytes are written.
2024-01-11 23:32:59  C:\Users\zgzen\AppData\Roaming\Notepad++\session.xml is closed.
2024-01-11 23:32:59  WM_DESTROY (isEndSessionStarted == true)
2024-01-13 14:44:48  WM_QUERYENDSESSION (lParam: 0 - ordinary system shutdown/restart) =====================================
2024-01-13 14:44:48  WM_ENDSESSION (wParam: TRUE, lParam: 0 - ordinary system shutdown/restart)
2024-01-13 14:44:48  C:\Users\zgzen\OneDrive\Documents\npp_config\config.xml is opened.
2024-01-13 14:44:48  C:\Users\zgzen\OneDrive\Documents\npp_config\config.xml  10022/10022 bytes are written.
2024-01-13 14:44:48  C:\Users\zgzen\OneDrive\Documents\npp_config\config.xml is closed.
2024-01-13 14:44:48  C:\Users\zgzen\AppData\Roaming\Notepad++\session.xml is opened.
2024-01-13 14:44:48  C:\Users\zgzen\AppData\Roaming\Notepad++\session.xml  789/789 bytes are written.
2024-01-13 14:44:48  C:\Users\zgzen\AppData\Roaming\Notepad++\session.xml is closed.
2024-01-13 14:44:48  WM_DESTROY (isEndSessionStarted == true)
2024-01-25 12:14:40  WM_QUERYENDSESSION (lParam: 0 - ordinary system shutdown/restart) =====================================
2024-01-25 12:14:40  WM_ENDSESSION (wParam: TRUE, lParam: 0 - ordinary system shutdown/restart)
2024-01-25 12:14:41  C:\Users\zgzen\OneDrive\Documents\npp_config\config.xml is opened.
2024-01-25 12:14:41  C:\Users\zgzen\OneDrive\Documents\npp_config\config.xml  10196/10196 bytes are written.
2024-01-25 12:14:41  C:\Users\zgzen\OneDrive\Documents\npp_config\config.xml is closed.
2024-01-25 12:14:41  C:\Users\zgzen\AppData\Roaming\Notepad++\session.xml is opened.
2024-01-25 12:14:41  C:\Users\zgzen\AppData\Roaming\Notepad++\session.xml  3225/3225 bytes are written.
2024-01-25 12:14:41  C:\Users\zgzen\AppData\Roaming\Notepad++\session.xml is closed.
2024-01-25 12:14:41  WM_DESTROY (isEndSessionStarted == true)
2024-01-25 12:21:45  WM_QUERYENDSESSION (lParam: 0 - ordinary system shutdown/restart) =====================================
2024-01-25 12:21:45  WM_ENDSESSION (wParam: TRUE, lParam: 0 - ordinary system shutdown/restart)
2024-01-25 12:21:45  C:\Users\zgzen\OneDrive\Documents\npp_config\config.xml is opened.
2024-01-25 12:21:45  C:\Users\zgzen\OneDrive\Documents\npp_config\config.xml  10196/10196 bytes are written.
2024-01-25 12:21:45  C:\Users\zgzen\OneDrive\Documents\npp_config\config.xml is closed.
2024-01-25 12:21:45  C:\Users\zgzen\AppData\Roaming\Notepad++\session.xml is opened.
2024-01-25 12:21:45  C:\Users\zgzen\AppData\Roaming\Notepad++\session.xml  3221/3221 bytes are written.
2024-01-25 12:21:45  C:\Users\zgzen\AppData\Roaming\Notepad++\session.xml is closed.
2024-01-25 12:21:45  WM_DESTROY (isEndSessionStarted == true)
2024-01-28 15:07:23  WM_QUERYENDSESSION (lParam: 0 - ordinary system shutdown/restart) =====================================
2024-01-28 15:07:23  WM_ENDSESSION (wParam: TRUE, lParam: 0 - ordinary system shutdown/restart)
2024-01-28 15:07:23  C:\Users\zgzen\OneDrive\Documents\npp_config\config.xml is opened.
2024-01-28 15:07:23  C:\Users\zgzen\OneDrive\Documents\npp_config\config.xml  10085/10085 bytes are written.
2024-01-28 15:07:23  C:\Users\zgzen\OneDrive\Documents\npp_config\config.xml is closed.
2024-01-28 15:07:23  C:\Users\zgzen\AppData\Roaming\Notepad++\session.xml is opened.
2024-01-28 15:07:23  C:\Users\zgzen\AppData\Roaming\Notepad++\session.xml  816/816 bytes are written.
2024-01-28 15:07:23  C:\Users\zgzen\AppData\Roaming\Notepad++\session.xml is closed.
2024-01-28 15:07:23  WM_DESTROY (isEndSessionStarted == true)
2024-01-31 00:10:33  WM_QUERYENDSESSION (lParam: 0 - ordinary system shutdown/restart) =====================================
2024-01-31 00:10:33  WM_ENDSESSION (wParam: TRUE, lParam: 0 - ordinary system shutdown/restart)
2024-01-31 00:10:33  C:\Users\zgzen\OneDrive\Documents\npp_config\config.xml is opened.
2024-01-31 00:10:33  C:\Users\zgzen\OneDrive\Documents\npp_config\config.xml  9175/9175 bytes are written.
2024-01-31 00:10:33  C:\Users\zgzen\OneDrive\Documents\npp_config\config.xml is closed.
2024-01-31 00:10:33  C:\Users\zgzen\AppData\Roaming\Notepad++\session.xml is opened.
2024-01-31 00:10:33  C:\Users\zgzen\AppData\Roaming\Notepad++\session.xml  3202/3202 bytes are written.
2024-01-31 00:10:33  C:\Users\zgzen\AppData\Roaming\Notepad++\session.xml is closed.
2024-01-31 00:10:33  WM_DESTROY (isEndSessionStarted == true)
2024-02-02 17:10:51  WM_QUERYENDSESSION (lParam: 1073741824 - ENDSESSION_CRITICAL) =====================================
2024-02-02 17:10:51  WM_ENDSESSION (wParam: TRUE, lParam: 1073741824 - ENDSESSION_CRITICAL)
2024-02-02 17:10:51  C:\Users\zgzen\OneDrive\Documents\npp_config\config.xml is opened.
2024-02-02 17:10:51  C:\Users\zgzen\OneDrive\Documents\npp_config\config.xml  10063/10063 bytes are written.
2024-02-02 17:10:51  C:\Users\zgzen\OneDrive\Documents\npp_config\config.xml is closed.
2024-02-02 17:10:51  C:\Users\zgzen\AppData\Roaming\Notepad++\session.xml is opened.
2024-02-02 17:10:51  C:\Users\zgzen\AppData\Roaming\Notepad++\session.xml  2571/2571 bytes are written.
2024-02-02 17:10:51  C:\Users\zgzen\AppData\Roaming\Notepad++\session.xml is closed.
2024-02-02 17:10:51  WM_DESTROY (isEndSessionStarted == true)
2024-02-04 19:01:33  WM_QUERYENDSESSION (lParam: 0 - ordinary system shutdown/restart) =====================================
2024-02-04 19:01:33  WM_ENDSESSION (wParam: TRUE, lParam: 0 - ordinary system shutdown/restart)
2024-02-04 19:01:33  C:\Users\zgzen\OneDrive\Documents\npp_config\config.xml is opened.
2024-02-04 19:01:33  C:\Users\zgzen\OneDrive\Documents\npp_config\config.xml  9984/9984 bytes are written.
2024-02-04 19:01:33  C:\Users\zgzen\OneDrive\Documents\npp_config\config.xml is closed.
2024-02-04 19:01:33  C:\Users\zgzen\AppData\Roaming\Notepad++\session.xml is opened.
2024-02-04 19:01:33  C:\Users\zgzen\AppData\Roaming\Notepad++\session.xml  4370/4370 bytes are written.
2024-02-04 19:01:33  C:\Users\zgzen\AppData\Roaming\Notepad++\session.xml is closed.
2024-02-13 16:27:04  WM_QUERYENDSESSION (lParam: 0 - ordinary system shutdown/restart) =====================================
2024-02-13 16:27:04  WM_ENDSESSION (wParam: TRUE, lParam: 0 - ordinary system shutdown/restart)
2024-02-13 16:27:05  C:\Users\zgzen\OneDrive\Documents\npp_config\config.xml is opened.
2024-02-13 16:27:05  C:\Users\zgzen\OneDrive\Documents\npp_config\config.xml  10594/10594 bytes are written.
2024-02-13 16:27:05  C:\Users\zgzen\OneDrive\Documents\npp_config\config.xml is closed.
2024-02-13 16:27:05  C:\Users\zgzen\AppData\Roaming\Notepad++\session.xml is opened.
2024-02-13 16:27:05  C:\Users\zgzen\AppData\Roaming\Notepad++\session.xml  2700/2700 bytes are written.
2024-02-13 16:27:05  C:\Users\zgzen\AppData\Roaming\Notepad++\session.xml is closed.
2024-02-13 20:48:13  WM_QUERYENDSESSION (lParam: 0 - ordinary system shutdown/restart) =====================================
2024-02-13 20:48:13  WM_ENDSESSION (wParam: TRUE, lParam: 0 - ordinary system shutdown/restart)
2024-02-13 20:48:13  C:\Users\zgzen\OneDrive\Documents\npp_config\config.xml is opened.
2024-02-13 20:48:13  C:\Users\zgzen\OneDrive\Documents\npp_config\config.xml  10391/10391 bytes are written.
2024-02-13 20:48:13  C:\Users\zgzen\OneDrive\Documents\npp_config\config.xml is closed.
2024-02-13 20:48:14  C:\Users\zgzen\AppData\Roaming\Notepad++\session.xml is opened.
2024-02-13 20:48:14  C:\Users\zgzen\AppData\Roaming\Notepad++\session.xml  829/829 bytes are written.
2024-02-13 20:48:14  C:\Users\zgzen\AppData\Roaming\Notepad++\session.xml is closed.
2024-02-13 20:48:14  WM_DESTROY (isEndSessionStarted == true)
2024-02-20 11:20:41  WM_QUERYENDSESSION (lParam: 1073741824 - ENDSESSION_CRITICAL) =====================================
2024-02-20 11:20:41  WM_ENDSESSION (wParam: TRUE, lParam: 1073741824 - ENDSESSION_CRITICAL)
2024-02-20 11:20:42  C:\Users\zgzen\OneDrive\Documents\npp_config\config.xml is opened.
2024-02-20 11:20:42  C:\Users\zgzen\OneDrive\Documents\npp_config\config.xml  10312/10312 bytes are written.
2024-02-20 11:20:42  C:\Users\zgzen\OneDrive\Documents\npp_config\config.xml is closed.
2024-02-20 11:20:42  C:\Users\zgzen\AppData\Roaming\Notepad++\session.xml is opened.
2024-02-20 11:20:42  C:\Users\zgzen\AppData\Roaming\Notepad++\session.xml  2649/2649 bytes are written.
2024-02-20 11:20:42  C:\Users\zgzen\AppData\Roaming\Notepad++\session.xml is closed.
2024-02-22 19:26:23  WM_QUERYENDSESSION (lParam: 0 - ordinary system shutdown/restart) =====================================
2024-02-22 19:26:23  WM_ENDSESSION (wParam: TRUE, lParam: 0 - ordinary system shutdown/restart)
2024-02-22 19:26:23  C:\Users\zgzen\OneDrive\Documents\npp_config\config.xml is opened.
2024-02-22 19:26:23  C:\Users\zgzen\OneDrive\Documents\npp_config\config.xml  10284/10284 bytes are written.
2024-02-22 19:26:23  C:\Users\zgzen\OneDrive\Documents\npp_config\config.xml is closed.
2024-02-22 19:26:23  C:\Users\zgzen\AppData\Roaming\Notepad++\session.xml is opened.
2024-02-22 19:26:23  C:\Users\zgzen\AppData\Roaming\Notepad++\session.xml  4412/4412 bytes are written.
2024-02-22 19:26:24  C:\Users\zgzen\AppData\Roaming\Notepad++\session.xml is closed.
2024-02-22 19:26:24  WM_DESTROY (isEndSessionStarted == true)
2024-03-02 12:24:19  WM_QUERYENDSESSION (lParam: 0 - ordinary system shutdown/restart) =====================================
2024-03-02 12:24:19  WM_ENDSESSION (wParam: TRUE, lParam: 0 - ordinary system shutdown/restart)
2024-03-02 12:24:19  C:\Users\zgzen\OneDrive\Documents\npp_config\config.xml is opened.
2024-03-02 12:24:19  C:\Users\zgzen\OneDrive\Documents\npp_config\config.xml  11046/11046 bytes are written.
2024-03-02 12:24:19  C:\Users\zgzen\OneDrive\Documents\npp_config\config.xml is closed.
2024-03-02 12:24:19  C:\Users\zgzen\AppData\Roaming\Notepad++\session.xml is opened.
2024-03-02 12:24:19  C:\Users\zgzen\AppData\Roaming\Notepad++\session.xml  1494/1494 bytes are written.
2024-03-02 12:24:19  C:\Users\zgzen\AppData\Roaming\Notepad++\session.xml is closed.
2024-03-02 12:24:19  WM_DESTROY (isEndSessionStarted == true)
2024-03-02 22:35:07  WM_QUERYENDSESSION (lParam: 0 - ordinary system shutdown/restart) =====================================
2024-03-02 22:35:07  WM_ENDSESSION (wParam: TRUE, lParam: 0 - ordinary system shutdown/restart)
2024-03-02 22:35:07  C:\Users\zgzen\OneDrive\Documents\npp_config\config.xml is opened.
2024-03-02 22:35:07  C:\Users\zgzen\OneDrive\Documents\npp_config\config.xml  11046/11046 bytes are written.
2024-03-02 22:35:07  C:\Users\zgzen\OneDrive\Documents\npp_config\config.xml is closed.
2024-03-02 22:35:07  C:\Users\zgzen\AppData\Roaming\Notepad++\session.xml is opened.
2024-03-02 22:35:07  C:\Users\zgzen\AppData\Roaming\Notepad++\session.xml  1406/1406 bytes are written.
2024-03-02 22:35:07  C:\Users\zgzen\AppData\Roaming\Notepad++\session.xml is closed.
2024-03-02 22:35:07  WM_DESTROY (isEndSessionStarted == true)
2024-03-06 15:55:12  WM_QUERYENDSESSION (lParam: 0 - ordinary system shutdown/restart) =====================================
2024-03-06 15:55:14  WM_ENDSESSION (wParam: TRUE, lParam: 1073741824 - ENDSESSION_CRITICAL)
2024-03-06 15:55:14  C:\Users\zgzen\OneDrive\Documents\npp_config\config.xml is opened.
2024-03-06 15:55:14  C:\Users\zgzen\OneDrive\Documents\npp_config\config.xml  10762/10762 bytes are written.
2024-03-06 15:55:14  C:\Users\zgzen\OneDrive\Documents\npp_config\config.xml is closed.
2024-03-06 15:55:14  C:\Users\zgzen\AppData\Roaming\Notepad++\session.xml is opened.
2024-03-06 15:55:14  C:\Users\zgzen\AppData\Roaming\Notepad++\session.xml  8112/8112 bytes are written.
2024-03-06 15:55:14  C:\Users\zgzen\AppData\Roaming\Notepad++\session.xml is closed.
2024-03-06 15:55:14  WM_DESTROY (isEndSessionStarted == true)
2024-03-07 15:34:40  WM_QUERYENDSESSION (lParam: 0 - ordinary system shutdown/restart) =====================================
2024-03-07 15:34:40  WM_ENDSESSION (wParam: TRUE, lParam: 0 - ordinary system shutdown/restart)
2024-03-07 15:34:40  C:\Users\zgzen\OneDrive\Documents\npp_config\config.xml is opened.
2024-03-07 15:34:40  C:\Users\zgzen\OneDrive\Documents\npp_config\config.xml  10788/10788 bytes are written.
2024-03-07 15:34:40  C:\Users\zgzen\OneDrive\Documents\npp_config\config.xml is closed.
2024-03-07 15:34:40  C:\Users\zgzen\AppData\Roaming\Notepad++\session.xml is opened.
2024-03-07 15:34:40  C:\Users\zgzen\AppData\Roaming\Notepad++\session.xml  9914/9914 bytes are written.
2024-03-07 15:34:40  C:\Users\zgzen\AppData\Roaming\Notepad++\session.xml is closed.
2024-03-07 15:34:40  WM_DESTROY (isEndSessionStarted == true)
2024-03-10 19:28:31  WM_QUERYENDSESSION (lParam: 0 - ordinary system shutdown/restart) =====================================
2024-03-10 19:28:31  WM_ENDSESSION (wParam: TRUE, lParam: 0 - ordinary system shutdown/restart)
2024-03-10 19:28:31  C:\Users\zgzen\OneDrive\Documents\npp_config\config.xml is opened.
2024-03-10 19:28:31  C:\Users\zgzen\OneDrive\Documents\npp_config\config.xml  10841/10841 bytes are written.
2024-03-10 19:28:31  C:\Users\zgzen\OneDrive\Documents\npp_config\config.xml is closed.
2024-03-10 19:28:31  C:\Users\zgzen\AppData\Roaming\Notepad++\session.xml is opened.
2024-03-10 19:28:31  C:\Users\zgzen\AppData\Roaming\Notepad++\session.xml  11772/11772 bytes are written.
2024-03-10 19:28:31  C:\Users\zgzen\AppData\Roaming\Notepad++\session.xml is closed.
2024-03-10 19:28:31  WM_DESTROY (isEndSessionStarted == true)
2024-03-13 02:44:51  WM_QUERYENDSESSION (lParam: 1073741825 - ENDSESSION_CLOSEAPP - ENDSESSION_CRITICAL) =====================================
2024-03-13 02:44:52  WM_ENDSESSION (wParam: TRUE, lParam: 1073741825 - ENDSESSION_CLOSEAPP - ENDSESSION_CRITICAL)
2024-03-13 02:44:52  C:\Users\zgzen\OneDrive\Documents\npp_config\config.xml is opened.
2024-03-13 02:44:52  C:\Users\zgzen\OneDrive\Documents\npp_config\config.xml  10925/10925 bytes are written.
2024-03-13 02:44:52  C:\Users\zgzen\OneDrive\Documents\npp_config\config.xml is closed.
2024-03-13 02:44:52  C:\Users\zgzen\AppData\Roaming\Notepad++\session.xml is opened.
2024-03-13 02:44:52  C:\Users\zgzen\AppData\Roaming\Notepad++\session.xml  11742/11742 bytes are written.
2024-03-13 02:44:52  C:\Users\zgzen\AppData\Roaming\Notepad++\session.xml is closed.
2024-03-13 02:44:52  WM_DESTROY (isEndSessionStarted == true)
2024-03-27 14:20:50  WM_QUERYENDSESSION (lParam: 0 - ordinary system shutdown/restart) =====================================
2024-03-27 14:20:50  WM_ENDSESSION (wParam: TRUE, lParam: 0 - ordinary system shutdown/restart)
2024-03-27 14:20:51  C:\Users\zgzen\OneDrive\Documents\npp_config\config.xml is opened.
2024-03-27 14:20:51  C:\Users\zgzen\OneDrive\Documents\npp_config\config.xml  10738/10738 bytes are written.
2024-03-27 14:20:51  C:\Users\zgzen\OneDrive\Documents\npp_config\config.xml is closed.
2024-03-27 14:20:51  C:\Users\zgzen\AppData\Roaming\Notepad++\session.xml is opened.
2024-03-27 14:20:51  C:\Users\zgzen\AppData\Roaming\Notepad++\session.xml  8634/8634 bytes are written.
2024-03-27 14:20:51  C:\Users\zgzen\AppData\Roaming\Notepad++\session.xml is closed.
2024-03-27 14:20:51  WM_DESTROY (isEndSessionStarted == true)
2024-03-29 13:49:14  WM_QUERYENDSESSION (lParam: 0 - ordinary system shutdown/restart) =====================================
2024-03-29 13:49:14  WM_ENDSESSION (wParam: TRUE, lParam: 0 - ordinary system shutdown/restart)
2024-03-29 13:49:14  C:\Users\zgzen\OneDrive\Documents\npp_config\config.xml is opened.
2024-03-29 13:49:14  C:\Users\zgzen\OneDrive\Documents\npp_config\config.xml  10951/10951 bytes are written.
2024-03-29 13:49:14  C:\Users\zgzen\OneDrive\Documents\npp_config\config.xml is closed.
2024-03-29 13:49:14  C:\Users\zgzen\AppData\Roaming\Notepad++\session.xml is opened.
2024-03-29 13:49:14  C:\Users\zgzen\AppData\Roaming\Notepad++\session.xml  8616/8616 bytes are written.
2024-03-29 13:49:14  C:\Users\zgzen\AppData\Roaming\Notepad++\session.xml is closed.
2024-03-29 13:49:14  WM_DESTROY (isEndSessionStarted == true)
2024-04-06 04:20:54  WM_QUERYENDSESSION (lParam: 1073741825 - ENDSESSION_CLOSEAPP - ENDSESSION_CRITICAL) =====================================
2024-04-06 04:20:54  WM_ENDSESSION (wParam: TRUE, lParam: 1073741825 - ENDSESSION_CLOSEAPP - ENDSESSION_CRITICAL)
2024-04-06 04:20:54  C:\Users\zgzen\OneDrive\Documents\npp_config\config.xml is opened.
2024-04-06 04:20:54  C:\Users\zgzen\OneDrive\Documents\npp_config\config.xml  10857/10857 bytes are written.
2024-04-06 04:20:54  C:\Users\zgzen\OneDrive\Documents\npp_config\config.xml is closed.
2024-04-06 04:20:54  C:\Users\zgzen\AppData\Roaming\Notepad++\session.xml is opened.
2024-04-06 04:20:54  C:\Users\zgzen\AppData\Roaming\Notepad++\session.xml  10367/10367 bytes are written.
2024-04-06 04:20:54  C:\Users\zgzen\AppData\Roaming\Notepad++\session.xml is closed.
2024-04-06 04:20:54  WM_DESTROY (isEndSessionStarted == true)
2024-04-07 20:09:41  WM_QUERYENDSESSION (lParam: 0 - ordinary system shutdown/restart) =====================================
2024-04-07 20:09:41  WM_ENDSESSION (wParam: TRUE, lParam: 0 - ordinary system shutdown/restart)
2024-04-07 20:09:41  C:\Users\zgzen\OneDrive\Documents\npp_config\config.xml is opened.
2024-04-07 20:09:41  C:\Users\zgzen\OneDrive\Documents\npp_config\config.xml  10843/10843 bytes are written.
2024-04-07 20:09:41  C:\Users\zgzen\OneDrive\Documents\npp_config\config.xml is closed.
2024-04-07 20:09:41  C:\Users\zgzen\AppData\Roaming\Notepad++\session.xml is opened.
2024-04-07 20:09:41  C:\Users\zgzen\AppData\Roaming\Notepad++\session.xml  12167/12167 bytes are written.
2024-04-07 20:09:41  C:\Users\zgzen\AppData\Roaming\Notepad++\session.xml is closed.
2024-04-07 20:09:41  WM_DESTROY (isEndSessionStarted == true)
2024-04-10 04:31:11  WM_QUERYENDSESSION (lParam: 1073741825 - ENDSESSION_CLOSEAPP - ENDSESSION_CRITICAL) =====================================
2024-04-10 04:31:12  WM_ENDSESSION (wParam: TRUE, lParam: 1073741825 - ENDSESSION_CLOSEAPP - ENDSESSION_CRITICAL)
2024-04-10 04:31:12  C:\Users\zgzen\OneDrive\Documents\npp_config\config.xml is opened.
2024-04-10 04:31:12  C:\Users\zgzen\OneDrive\Documents\npp_config\config.xml  10786/10786 bytes are written.
2024-04-10 04:31:12  C:\Users\zgzen\OneDrive\Documents\npp_config\config.xml is closed.
2024-04-10 04:31:12  C:\Users\zgzen\AppData\Roaming\Notepad++\session.xml is opened.
2024-04-10 04:31:12  C:\Users\zgzen\AppData\Roaming\Notepad++\session.xml  13391/13391 bytes are written.
2024-04-10 04:31:12  C:\Users\zgzen\AppData\Roaming\Notepad++\session.xml is closed.
2024-04-10 04:31:12  WM_DESTROY (isEndSessionStarted == true)
2024-04-12 06:27:51  WM_QUERYENDSESSION (lParam: 0 - ordinary system shutdown/restart) =====================================
2024-04-12 06:27:51  WM_ENDSESSION (wParam: TRUE, lParam: 0 - ordinary system shutdown/restart)
2024-04-12 06:27:51  C:\Users\zgzen\OneDrive\Documents\npp_config\config.xml is opened.
2024-04-12 06:27:51  C:\Users\zgzen\OneDrive\Documents\npp_config\config.xml  10641/10641 bytes are written.
2024-04-12 06:27:51  C:\Users\zgzen\OneDrive\Documents\npp_config\config.xml is closed.
2024-04-12 06:27:51  C:\Users\zgzen\AppData\Roaming\Notepad++\session.xml is opened.
2024-04-12 06:27:51  C:\Users\zgzen\AppData\Roaming\Notepad++\session.xml  10388/10388 bytes are written.
2024-04-12 06:27:51  C:\Users\zgzen\AppData\Roaming\Notepad++\session.xml is closed.
2024-04-12 06:27:51  WM_DESTROY (isEndSessionStarted == true)
2024-04-12 15:32:08  WM_QUERYENDSESSION (lParam: 0 - ordinary system shutdown/restart) =====================================
2024-04-12 15:32:08  WM_ENDSESSION (wParam: TRUE, lParam: 0 - ordinary system shutdown/restart)
2024-04-12 15:32:08  C:\Users\zgzen\OneDrive\Documents\npp_config\config.xml is opened.
2024-04-12 15:32:08  C:\Users\zgzen\OneDrive\Documents\npp_config\config.xml  10758/10758 bytes are written.
2024-04-12 15:32:08  C:\Users\zgzen\OneDrive\Documents\npp_config\config.xml is closed.
2024-04-12 15:32:08  C:\Users\zgzen\AppData\Roaming\Notepad++\session.xml is opened.
2024-04-12 15:32:08  C:\Users\zgzen\AppData\Roaming\Notepad++\session.xml  9777/9777 bytes are written.
2024-04-12 15:32:08  C:\Users\zgzen\AppData\Roaming\Notepad++\session.xml is closed.
2024-04-12 15:32:09  WM_DESTROY (isEndSessionStarted == true)
2024-04-14 18:04:20  WM_QUERYENDSESSION (lParam: 0 - ordinary system shutdown/restart) =====================================
2024-04-14 18:04:20  WM_ENDSESSION (wParam: TRUE, lParam: 0 - ordinary system shutdown/restart)
2024-04-14 18:04:20  C:\Users\zgzen\OneDrive\Documents\npp_config\config.xml is opened.
2024-04-14 18:04:20  C:\Users\zgzen\OneDrive\Documents\npp_config\config.xml  10787/10787 bytes are written.
2024-04-14 18:04:20  C:\Users\zgzen\OneDrive\Documents\npp_config\config.xml is closed.
2024-04-14 18:04:20  C:\Users\zgzen\AppData\Roaming\Notepad++\session.xml is opened.
2024-04-14 18:04:20  C:\Users\zgzen\AppData\Roaming\Notepad++\session.xml  9172/9172 bytes are written.
2024-04-14 18:04:20  C:\Users\zgzen\AppData\Roaming\Notepad++\session.xml is closed.
2024-04-14 18:04:20  WM_DESTROY (isEndSessionStarted == true)
2024-04-17 08:25:19  WM_QUERYENDSESSION (lParam: 0 - ordinary system shutdown/restart) =====================================
2024-04-17 08:25:19  WM_ENDSESSION (wParam: TRUE, lParam: 0 - ordinary system shutdown/restart)
2024-04-17 08:25:19  C:\Users\zgzen\OneDrive\Documents\npp_config\config.xml is opened.
2024-04-17 08:25:19  C:\Users\zgzen\OneDrive\Documents\npp_config\config.xml  10758/10758 bytes are written.
2024-04-17 08:25:19  C:\Users\zgzen\OneDrive\Documents\npp_config\config.xml is closed.
2024-04-17 08:25:19  C:\Users\zgzen\AppData\Roaming\Notepad++\session.xml is opened.
2024-04-17 08:25:19  C:\Users\zgzen\AppData\Roaming\Notepad++\session.xml  8029/8029 bytes are written.
2024-04-17 08:25:19  C:\Users\zgzen\AppData\Roaming\Notepad++\session.xml is closed.
2024-04-17 08:25:19  WM_DESTROY (isEndSessionStarted == true)
2024-04-20 21:11:16  WM_QUERYENDSESSION (lParam: 0 - ordinary system shutdown/restart) =====================================
2024-04-20 21:11:16  WM_ENDSESSION (wParam: TRUE, lParam: 0 - ordinary system shutdown/restart)
2024-04-20 21:11:17  C:\Users\zgzen\OneDrive\Documents\npp_config\config.xml is opened.
2024-04-20 21:11:17  C:\Users\zgzen\OneDrive\Documents\npp_config\config.xml  11017/11017 bytes are written.
2024-04-20 21:11:17  C:\Users\zgzen\OneDrive\Documents\npp_config\config.xml is closed.
2024-04-20 21:11:17  C:\Users\zgzen\AppData\Roaming\Notepad++\session.xml is opened.
2024-04-20 21:11:17  C:\Users\zgzen\AppData\Roaming\Notepad++\session.xml  9850/9850 bytes are written.
2024-04-20 21:11:17  C:\Users\zgzen\AppData\Roaming\Notepad++\session.xml is closed.
2024-04-20 21:11:17  WM_DESTROY (isEndSessionStarted == true)
2024-04-21 18:48:15  WM_QUERYENDSESSION (lParam: 0 - ordinary system shutdown/restart) =====================================
2024-04-21 18:48:15  WM_ENDSESSION (wParam: TRUE, lParam: 0 - ordinary system shutdown/restart)
2024-04-21 18:48:15  C:\Users\zgzen\OneDrive\Documents\npp_config\config.xml is opened.
2024-04-21 18:48:15  C:\Users\zgzen\OneDrive\Documents\npp_config\config.xml  10891/10891 bytes are written.
2024-04-21 18:48:15  C:\Users\zgzen\OneDrive\Documents\npp_config\config.xml is closed.
2024-04-21 18:48:15  C:\Users\zgzen\AppData\Roaming\Notepad++\session.xml is opened.
2024-04-21 18:48:15  C:\Users\zgzen\AppData\Roaming\Notepad++\session.xml  10457/10457 bytes are written.
2024-04-21 18:48:15  C:\Users\zgzen\AppData\Roaming\Notepad++\session.xml is closed.
2024-04-21 18:48:15  WM_DESTROY (isEndSessionStarted == true)
2024-05-05 19:48:09  WM_QUERYENDSESSION (lParam: 0 - ordinary system shutdown/restart) =====================================
2024-05-05 19:48:09  WM_ENDSESSION (wParam: TRUE, lParam: 0 - ordinary system shutdown/restart)
2024-05-05 19:48:10  C:\Users\zgzen\OneDrive\Documents\npp_config\config.xml is opened.
2024-05-05 19:48:10  C:\Users\zgzen\OneDrive\Documents\npp_config\config.xml  10855/10855 bytes are written.
2024-05-05 19:48:10  C:\Users\zgzen\OneDrive\Documents\npp_config\config.xml is closed.
2024-05-05 19:48:10  C:\Users\zgzen\AppData\Roaming\Notepad++\session.xml is opened.
2024-05-05 19:48:10  C:\Users\zgzen\AppData\Roaming\Notepad++\session.xml  3813/3813 bytes are written.
2024-05-05 19:48:10  C:\Users\zgzen\AppData\Roaming\Notepad++\session.xml is closed.
2024-05-05 19:48:11  WM_DESTROY (isEndSessionStarted == true)
2024-05-14 12:14:58  WM_QUERYENDSESSION (lParam: 0 - ordinary system shutdown/restart) =====================================
2024-05-14 12:14:58  WM_ENDSESSION (wParam: TRUE, lParam: 0 - ordinary system shutdown/restart)
2024-05-14 12:14:58  C:\Users\zgzen\OneDrive\Documents\npp_config\config.xml is opened.
2024-05-14 12:14:58  C:\Users\zgzen\OneDrive\Documents\npp_config\config.xml  10924/10924 bytes are written.
2024-05-14 12:14:58  C:\Users\zgzen\OneDrive\Documents\npp_config\config.xml is closed.
2024-05-14 12:14:58  C:\Users\zgzen\AppData\Roaming\Notepad++\session.xml is opened.
2024-05-14 12:14:58  C:\Users\zgzen\AppData\Roaming\Notepad++\session.xml  8632/8632 bytes are written.
2024-05-14 12:14:58  C:\Users\zgzen\AppData\Roaming\Notepad++\session.xml is closed.
2024-05-14 12:14:58  WM_DESTROY (isEndSessionStarted == true)
2024-05-14 20:14:31  WM_QUERYENDSESSION (lParam: 0 - ordinary system shutdown/restart) =====================================
2024-05-14 20:14:31  WM_ENDSESSION (wParam: TRUE, lParam: 0 - ordinary system shutdown/restart)
2024-05-14 20:14:31  C:\Users\zgzen\OneDrive\Documents\npp_config\config.xml is opened.
2024-05-14 20:14:31  C:\Users\zgzen\OneDrive\Documents\npp_config\config.xml  10780/10780 bytes are written.
2024-05-14 20:14:31  C:\Users\zgzen\OneDrive\Documents\npp_config\config.xml is closed.
2024-05-14 20:14:31  C:\Users\zgzen\AppData\Roaming\Notepad++\session.xml is opened.
2024-05-14 20:14:31  C:\Users\zgzen\AppData\Roaming\Notepad++\session.xml  8660/8660 bytes are written.
2024-05-14 20:14:31  C:\Users\zgzen\AppData\Roaming\Notepad++\session.xml is closed.
2024-05-14 20:14:31  WM_DESTROY (isEndSessionStarted == true)
2024-05-15 05:12:23  WM_QUERYENDSESSION (lParam: 1073741825 - ENDSESSION_CLOSEAPP - ENDSESSION_CRITICAL) =====================================
2024-05-15 05:12:23  WM_ENDSESSION (wParam: TRUE, lParam: 1073741825 - ENDSESSION_CLOSEAPP - ENDSESSION_CRITICAL)
2024-05-15 05:12:23  C:\Users\zgzen\OneDrive\Documents\npp_config\config.xml is opened.
2024-05-15 05:12:23  C:\Users\zgzen\OneDrive\Documents\npp_config\config.xml  10783/10783 bytes are written.
2024-05-15 05:12:23  C:\Users\zgzen\OneDrive\Documents\npp_config\config.xml is closed.
2024-05-15 05:12:23  C:\Users\zgzen\AppData\Roaming\Notepad++\session.xml is opened.
2024-05-15 05:12:23  C:\Users\zgzen\AppData\Roaming\Notepad++\session.xml  6854/6854 bytes are written.
2024-05-15 05:12:23  C:\Users\zgzen\AppData\Roaming\Notepad++\session.xml is closed.
2024-05-15 05:12:23  WM_DESTROY (isEndSessionStarted == true)
2024-05-17 16:15:54  WM_QUERYENDSESSION (lParam: 0 - ordinary system shutdown/restart) =====================================
2024-05-17 16:15:54  WM_ENDSESSION (wParam: TRUE, lParam: 0 - ordinary system shutdown/restart)
2024-05-17 16:15:54  C:\Users\zgzen\OneDrive\Documents\npp_config\config.xml is opened.
2024-05-17 16:15:54  C:\Users\zgzen\OneDrive\Documents\npp_config\config.xml  10847/10847 bytes are written.
2024-05-17 16:15:54  C:\Users\zgzen\OneDrive\Documents\npp_config\config.xml is closed.
2024-05-17 16:15:54  C:\Users\zgzen\AppData\Roaming\Notepad++\session.xml is opened.
2024-05-17 16:15:54  C:\Users\zgzen\AppData\Roaming\Notepad++\session.xml  6869/6869 bytes are written.
2024-05-17 16:15:54  C:\Users\zgzen\AppData\Roaming\Notepad++\session.xml is closed.
2024-05-17 16:15:54  WM_DESTROY (isEndSessionStarted == true)
2024-05-25 14:23:50  WM_QUERYENDSESSION (lParam: 0 - ordinary system shutdown/restart) =====================================
2024-05-25 14:23:50  WM_ENDSESSION (wParam: TRUE, lParam: 0 - ordinary system shutdown/restart)
2024-05-25 14:23:50  C:\Users\zgzen\OneDrive\Documents\npp_config\config.xml is opened.
2024-05-25 14:23:50  C:\Users\zgzen\OneDrive\Documents\npp_config\config.xml  10746/10746 bytes are written.
2024-05-25 14:23:50  C:\Users\zgzen\OneDrive\Documents\npp_config\config.xml is closed.
2024-05-25 14:23:50  C:\Users\zgzen\AppData\Roaming\Notepad++\session.xml is opened.
2024-05-25 14:23:50  C:\Users\zgzen\AppData\Roaming\Notepad++\session.xml  11574/11574 bytes are written.
2024-05-25 14:23:50  C:\Users\zgzen\AppData\Roaming\Notepad++\session.xml is closed.
2024-05-25 14:23:50  WM_DESTROY (isEndSessionStarted == true)
2024-05-30 02:34:58  WM_QUERYENDSESSION (lParam: 1073741825 - ENDSESSION_CLOSEAPP - ENDSESSION_CRITICAL) =====================================
2024-05-30 02:34:59  WM_ENDSESSION (wParam: TRUE, lParam: 1073741825 - ENDSESSION_CLOSEAPP - ENDSESSION_CRITICAL)
2024-05-30 02:35:00  C:\Users\zgzen\OneDrive\Documents\npp_config\config.xml is opened.
2024-05-30 02:35:00  C:\Users\zgzen\OneDrive\Documents\npp_config\config.xml  10827/10827 bytes are written.
2024-05-30 02:35:00  C:\Users\zgzen\OneDrive\Documents\npp_config\config.xml is closed.
2024-05-30 02:35:00  C:\Users\zgzen\AppData\Roaming\Notepad++\session.xml is opened.
2024-05-30 02:35:00  C:\Users\zgzen\AppData\Roaming\Notepad++\session.xml  12201/12201 bytes are written.
2024-05-30 02:35:00  C:\Users\zgzen\AppData\Roaming\Notepad++\session.xml is closed.
2024-05-30 12:53:56  WM_QUERYENDSESSION (lParam: 0 - ordinary system shutdown/restart) =====================================
2024-05-30 12:53:56  WM_ENDSESSION (wParam: TRUE, lParam: 0 - ordinary system shutdown/restart)
2024-05-30 12:53:56  C:\Users\zgzen\OneDrive\Documents\npp_config\config.xml is opened.
2024-05-30 12:53:56  C:\Users\zgzen\OneDrive\Documents\npp_config\config.xml  10777/10777 bytes are written.
2024-05-30 12:53:56  C:\Users\zgzen\OneDrive\Documents\npp_config\config.xml is closed.
2024-05-30 12:53:56  C:\Users\zgzen\AppData\Roaming\Notepad++\session.xml is opened.
2024-05-30 12:53:56  C:\Users\zgzen\AppData\Roaming\Notepad++\session.xml  790/790 bytes are written.
2024-05-30 12:53:56  C:\Users\zgzen\AppData\Roaming\Notepad++\session.xml is closed.
2024-05-30 12:53:57  WM_DESTROY (isEndSessionStarted == true)
2024-06-01 13:00:41  WM_QUERYENDSESSION (lParam: 0 - ordinary system shutdown/restart) =====================================
2024-06-01 13:00:41  WM_ENDSESSION (wParam: TRUE, lParam: 0 - ordinary system shutdown/restart)
2024-06-01 13:00:41  C:\Users\zgzen\OneDrive\Documents\npp_config\config.xml is opened.
2024-06-01 13:00:41  C:\Users\zgzen\OneDrive\Documents\npp_config\config.xml  10914/10914 bytes are written.
2024-06-01 13:00:41  C:\Users\zgzen\OneDrive\Documents\npp_config\config.xml is closed.
2024-06-01 13:00:41  C:\Users\zgzen\AppData\Roaming\Notepad++\session.xml is opened.
2024-06-01 13:00:41  C:\Users\zgzen\AppData\Roaming\Notepad++\session.xml  4980/4980 bytes are written.
2024-06-01 13:00:41  C:\Users\zgzen\AppData\Roaming\Notepad++\session.xml is closed.
2024-06-01 13:00:41  WM_DESTROY (isEndSessionStarted == true)
2024-06-12 02:29:02  WM_QUERYENDSESSION (lParam: 1073741825 - ENDSESSION_CLOSEAPP - ENDSESSION_CRITICAL) =====================================
2024-06-12 02:29:02  WM_ENDSESSION (wParam: TRUE, lParam: 1073741825 - ENDSESSION_CLOSEAPP - ENDSESSION_CRITICAL)
2024-06-12 02:29:02  C:\Users\zgzen\OneDrive\Documents\npp_config\config.xml is opened.
2024-06-12 02:29:02  C:\Users\zgzen\OneDrive\Documents\npp_config\config.xml  10977/10977 bytes are written.
2024-06-12 02:29:02  C:\Users\zgzen\OneDrive\Documents\npp_config\config.xml is closed.
2024-06-12 02:29:02  C:\Users\zgzen\AppData\Roaming\Notepad++\session.xml is opened.
2024-06-12 02:29:02  C:\Users\zgzen\AppData\Roaming\Notepad++\session.xml  6221/6221 bytes are written.
2024-06-12 02:29:02  C:\Users\zgzen\AppData\Roaming\Notepad++\session.xml is closed.
2024-06-12 02:29:02  WM_DESTROY (isEndSessionStarted == true)
2024-06-14 12:35:16  WM_QUERYENDSESSION (lParam: 0 - ordinary system shutdown/restart) =====================================
2024-06-14 12:35:16  WM_ENDSESSION (wParam: TRUE, lParam: 0 - ordinary system shutdown/restart)
2024-06-14 12:35:16  C:\Users\zgzen\OneDrive\Documents\npp_config\config.xml is opened.
2024-06-14 12:35:16  C:\Users\zgzen\OneDrive\Documents\npp_config\config.xml  10918/10918 bytes are written.
2024-06-14 12:35:16  C:\Users\zgzen\OneDrive\Documents\npp_config\config.xml is closed.
2024-06-14 12:35:16  C:\Users\zgzen\AppData\Roaming\Notepad++\session.xml is opened.
2024-06-14 12:35:16  C:\Users\zgzen\AppData\Roaming\Notepad++\session.xml  7444/7444 bytes are written.
2024-06-14 12:35:16  C:\Users\zgzen\AppData\Roaming\Notepad++\session.xml is closed.
2024-06-14 12:35:16  WM_DESTROY (isEndSessionStarted == true)
2024-06-24 12:08:03  WM_QUERYENDSESSION (lParam: 0 - ordinary system shutdown/restart) =====================================
2024-06-24 12:08:03  WM_ENDSESSION (wParam: TRUE, lParam: 0 - ordinary system shutdown/restart)
2024-06-24 12:08:03  C:\Users\zgzen\OneDrive\Documents\npp_config\config.xml is opened.
2024-06-24 12:08:03  C:\Users\zgzen\OneDrive\Documents\npp_config\config.xml  10830/10830 bytes are written.
2024-06-24 12:08:03  C:\Users\zgzen\OneDrive\Documents\npp_config\config.xml is closed.
2024-06-24 12:08:03  C:\Users\zgzen\AppData\Roaming\Notepad++\session.xml is opened.
2024-06-24 12:08:03  C:\Users\zgzen\AppData\Roaming\Notepad++\session.xml  3265/3265 bytes are written.
2024-06-24 12:08:03  C:\Users\zgzen\AppData\Roaming\Notepad++\session.xml is closed.
2024-06-24 12:08:03  WM_DESTROY (isEndSessionStarted == true)
2024-06-26 21:46:51  WM_QUERYENDSESSION (lParam: 0 - ordinary system shutdown/restart) =====================================
2024-06-26 21:46:51  WM_ENDSESSION (wParam: TRUE, lParam: 0 - ordinary system shutdown/restart)
2024-06-26 21:46:52  C:\Users\zgzen\OneDrive\Documents\npp_config\config.xml is opened.
2024-06-26 21:46:52  C:\Users\zgzen\OneDrive\Documents\npp_config\config.xml  10857/10857 bytes are written.
2024-06-26 21:46:52  C:\Users\zgzen\OneDrive\Documents\npp_config\config.xml is closed.
2024-06-26 21:46:52  C:\Users\zgzen\AppData\Roaming\Notepad++\session.xml is opened.
2024-06-26 21:46:52  C:\Users\zgzen\AppData\Roaming\Notepad++\session.xml  3227/3227 bytes are written.
2024-06-26 21:46:52  C:\Users\zgzen\AppData\Roaming\Notepad++\session.xml is closed.
2024-06-26 21:46:52  WM_DESTROY (isEndSessionStarted == true)
2024-07-02 17:43:03  WM_QUERYENDSESSION (lParam: 0 - ordinary system shutdown/restart) =====================================
2024-07-02 17:43:03  WM_ENDSESSION (wParam: TRUE, lParam: 0 - ordinary system shutdown/restart)
2024-07-02 17:43:03  C:\Users\zgzen\OneDrive\Documents\npp_config\config.xml is opened.
2024-07-02 17:43:03  C:\Users\zgzen\OneDrive\Documents\npp_config\config.xml  10973/10973 bytes are written.
2024-07-02 17:43:03  C:\Users\zgzen\OneDrive\Documents\npp_config\config.xml is closed.
2024-07-02 17:43:03  C:\Users\zgzen\AppData\Roaming\Notepad++\session.xml is opened.
2024-07-02 17:43:03  C:\Users\zgzen\AppData\Roaming\Notepad++\session.xml  3740/3740 bytes are written.
2024-07-02 17:43:03  C:\Users\zgzen\AppData\Roaming\Notepad++\session.xml is closed.
2024-07-02 17:43:03  WM_DESTROY (isEndSessionStarted == true)
2024-07-02 17:54:29  WM_QUERYENDSESSION (lParam: 0 - ordinary system shutdown/restart) =====================================
2024-07-02 17:54:29  WM_ENDSESSION (wParam: TRUE, lParam: 0 - ordinary system shutdown/restart)
2024-07-02 17:54:29  C:\Users\zgzen\OneDrive\Documents\npp_config\config.xml is opened.
2024-07-02 17:54:29  C:\Users\zgzen\OneDrive\Documents\npp_config\config.xml  10974/10974 bytes are written.
2024-07-02 17:54:29  C:\Users\zgzen\OneDrive\Documents\npp_config\config.xml is closed.
2024-07-02 17:54:29  C:\Users\zgzen\AppData\Roaming\Notepad++\session.xml is opened.
2024-07-02 17:54:29  C:\Users\zgzen\AppData\Roaming\Notepad++\session.xml  3735/3735 bytes are written.
2024-07-02 17:54:29  C:\Users\zgzen\AppData\Roaming\Notepad++\session.xml is closed.
2024-07-02 17:54:29  WM_DESTROY (isEndSessionStarted == true)
2024-07-02 18:32:24  WM_QUERYENDSESSION (lParam: 0 - ordinary system shutdown/restart) =====================================
2024-07-02 18:32:24  WM_ENDSESSION (wParam: TRUE, lParam: 0 - ordinary system shutdown/restart)
2024-07-02 18:32:25  C:\Users\zgzen\OneDrive\Documents\npp_config\config.xml is opened.
2024-07-02 18:32:25  C:\Users\zgzen\OneDrive\Documents\npp_config\config.xml  10875/10875 bytes are written.
2024-07-02 18:32:25  C:\Users\zgzen\OneDrive\Documents\npp_config\config.xml is closed.
2024-07-02 18:32:25  C:\Users\zgzen\AppData\Roaming\Notepad++\session.xml is opened.
2024-07-02 18:32:25  C:\Users\zgzen\AppData\Roaming\Notepad++\session.xml  4991/4991 bytes are written.
2024-07-02 18:32:25  C:\Users\zgzen\AppData\Roaming\Notepad++\session.xml is closed.
2024-07-02 18:32:25  WM_DESTROY (isEndSessionStarted == true)
2024-07-02 19:17:09  WM_QUERYENDSESSION (lParam: 0 - ordinary system shutdown/restart) =====================================
2024-07-02 19:17:09  WM_ENDSESSION (wParam: TRUE, lParam: 0 - ordinary system shutdown/restart)
2024-07-02 19:17:09  C:\Users\zgzen\OneDrive\Documents\npp_config\config.xml is opened.
2024-07-02 19:17:09  C:\Users\zgzen\OneDrive\Documents\npp_config\config.xml  10875/10875 bytes are written.
2024-07-02 19:17:09  C:\Users\zgzen\OneDrive\Documents\npp_config\config.xml is closed.
2024-07-02 19:17:09  C:\Users\zgzen\AppData\Roaming\Notepad++\session.xml is opened.
2024-07-02 19:17:09  C:\Users\zgzen\AppData\Roaming\Notepad++\session.xml  4994/4994 bytes are written.
2024-07-02 19:17:09  C:\Users\zgzen\AppData\Roaming\Notepad++\session.xml is closed.
2024-07-02 19:17:09  WM_DESTROY (isEndSessionStarted == true)
2024-07-02 20:10:09  WM_QUERYENDSESSION (lParam: 0 - ordinary system shutdown/restart) =====================================
2024-07-02 20:10:09  WM_ENDSESSION (wParam: TRUE, lParam: 0 - ordinary system shutdown/restart)
2024-07-02 20:10:10  C:\Users\zgzen\OneDrive\Documents\npp_config\config.xml is opened.
2024-07-02 20:10:10  C:\Users\zgzen\OneDrive\Documents\npp_config\config.xml  10905/10905 bytes are written.
2024-07-02 20:10:10  C:\Users\zgzen\OneDrive\Documents\npp_config\config.xml is closed.
2024-07-02 20:10:10  C:\Users\zgzen\AppData\Roaming\Notepad++\session.xml is opened.
2024-07-02 20:10:10  C:\Users\zgzen\AppData\Roaming\Notepad++\session.xml  6163/6163 bytes are written.
2024-07-02 20:10:10  C:\Users\zgzen\AppData\Roaming\Notepad++\session.xml is closed.
2024-07-02 20:10:10  WM_DESTROY (isEndSessionStarted == true)
2024-07-02 20:23:46  WM_QUERYENDSESSION (lParam: 0 - ordinary system shutdown/restart) =====================================
2024-07-02 20:23:46  WM_ENDSESSION (wParam: TRUE, lParam: 0 - ordinary system shutdown/restart)
2024-07-02 20:23:46  C:\Users\zgzen\OneDrive\Documents\npp_config\config.xml is opened.
2024-07-02 20:23:46  C:\Users\zgzen\OneDrive\Documents\npp_config\config.xml  10941/10941 bytes are written.
2024-07-02 20:23:46  C:\Users\zgzen\OneDrive\Documents\npp_config\config.xml is closed.
2024-07-02 20:23:46  C:\Users\zgzen\AppData\Roaming\Notepad++\session.xml is opened.
2024-07-02 20:23:46  C:\Users\zgzen\AppData\Roaming\Notepad++\session.xml  5531/5531 bytes are written.
2024-07-02 20:23:46  C:\Users\zgzen\AppData\Roaming\Notepad++\session.xml is closed.
2024-07-02 20:23:46  WM_DESTROY (isEndSessionStarted == true)
2024-07-02 20:36:58  WM_QUERYENDSESSION (lParam: 0 - ordinary system shutdown/restart) =====================================
2024-07-02 20:36:58  WM_ENDSESSION (wParam: TRUE, lParam: 0 - ordinary system shutdown/restart)
2024-07-02 20:36:58  C:\Users\zgzen\OneDrive\Documents\npp_config\config.xml is opened.
2024-07-02 20:36:58  C:\Users\zgzen\OneDrive\Documents\npp_config\config.xml  10813/10813 bytes are written.
2024-07-02 20:36:58  C:\Users\zgzen\OneDrive\Documents\npp_config\config.xml is closed.
2024-07-02 20:36:58  C:\Users\zgzen\AppData\Roaming\Notepad++\session.xml is opened.
2024-07-02 20:36:58  C:\Users\zgzen\AppData\Roaming\Notepad++\session.xml  5560/5560 bytes are written.
2024-07-02 20:36:58  C:\Users\zgzen\AppData\Roaming\Notepad++\session.xml is closed.
2024-07-02 20:36:58  WM_DESTROY (isEndSessionStarted == true)
2024-07-02 20:47:54  WM_QUERYENDSESSION (lParam: 0 - ordinary system shutdown/restart) =====================================
2024-07-02 20:47:54  WM_ENDSESSION (wParam: TRUE, lParam: 0 - ordinary system shutdown/restart)
2024-07-02 20:47:54  C:\Users\zgzen\OneDrive\Documents\npp_config\config.xml is opened.
2024-07-02 20:47:54  C:\Users\zgzen\OneDrive\Documents\npp_config\config.xml  10813/10813 bytes are written.
2024-07-02 20:47:54  C:\Users\zgzen\OneDrive\Documents\npp_config\config.xml is closed.
2024-07-02 20:47:54  C:\Users\zgzen\AppData\Roaming\Notepad++\session.xml is opened.
2024-07-02 20:47:54  C:\Users\zgzen\AppData\Roaming\Notepad++\session.xml  5565/5565 bytes are written.
2024-07-02 20:47:54  C:\Users\zgzen\AppData\Roaming\Notepad++\session.xml is closed.
2024-07-02 20:47:54  WM_DESTROY (isEndSessionStarted == true)
2024-07-02 20:52:46  WM_QUERYENDSESSION (lParam: 0 - ordinary system shutdown/restart) =====================================
2024-07-02 20:52:46  WM_ENDSESSION (wParam: TRUE, lParam: 0 - ordinary system shutdown/restart)
2024-07-02 20:52:46  C:\Users\zgzen\OneDrive\Documents\npp_config\config.xml is opened.
2024-07-02 20:52:46  C:\Users\zgzen\OneDrive\Documents\npp_config\config.xml  10933/10933 bytes are written.
2024-07-02 20:52:46  C:\Users\zgzen\OneDrive\Documents\npp_config\config.xml is closed.
2024-07-02 20:52:46  C:\Users\zgzen\AppData\Roaming\Notepad++\session.xml is opened.
2024-07-02 20:52:46  C:\Users\zgzen\AppData\Roaming\Notepad++\session.xml  4932/4932 bytes are written.
2024-07-02 20:52:46  C:\Users\zgzen\AppData\Roaming\Notepad++\session.xml is closed.
2024-07-02 20:52:46  WM_DESTROY (isEndSessionStarted == true)
2024-07-02 20:55:11  WM_QUERYENDSESSION (lParam: 0 - ordinary system shutdown/restart) =====================================
2024-07-02 20:55:11  WM_ENDSESSION (wParam: TRUE, lParam: 0 - ordinary system shutdown/restart)
2024-07-02 20:55:11  C:\Users\zgzen\OneDrive\Documents\npp_config\config.xml is opened.
2024-07-02 20:55:11  C:\Users\zgzen\OneDrive\Documents\npp_config\config.xml  10933/10933 bytes are written.
2024-07-02 20:55:11  C:\Users\zgzen\OneDrive\Documents\npp_config\config.xml is closed.
2024-07-02 20:55:11  C:\Users\zgzen\AppData\Roaming\Notepad++\session.xml is opened.
2024-07-02 20:55:11  C:\Users\zgzen\AppData\Roaming\Notepad++\session.xml  4932/4932 bytes are written.
2024-07-02 20:55:11  C:\Users\zgzen\AppData\Roaming\Notepad++\session.xml is closed.
2024-07-02 20:55:11  WM_DESTROY (isEndSessionStarted == true)
2024-07-02 21:26:22  WM_QUERYENDSESSION (lParam: 0 - ordinary system shutdown/restart) =====================================
2024-07-02 21:26:22  WM_ENDSESSION (wParam: TRUE, lParam: 0 - ordinary system shutdown/restart)
2024-07-02 21:26:22  C:\Users\zgzen\OneDrive\Documents\npp_config\config.xml is opened.
2024-07-02 21:26:22  C:\Users\zgzen\OneDrive\Documents\npp_config\config.xml  10929/10929 bytes are written.
2024-07-02 21:26:22  C:\Users\zgzen\OneDrive\Documents\npp_config\config.xml is closed.
2024-07-02 21:26:22  C:\Users\zgzen\AppData\Roaming\Notepad++\session.xml is opened.
2024-07-02 21:26:22  C:\Users\zgzen\AppData\Roaming\Notepad++\session.xml  4932/4932 bytes are written.
2024-07-02 21:26:22  C:\Users\zgzen\AppData\Roaming\Notepad++\session.xml is closed.
2024-07-02 21:26:22  WM_DESTROY (isEndSessionStarted == true)
2024-07-02 21:46:16  WM_QUERYENDSESSION (lParam: 0 - ordinary system shutdown/restart) =====================================
2024-07-02 21:46:16  WM_ENDSESSION (wParam: TRUE, lParam: 0 - ordinary system shutdown/restart)
2024-07-02 21:46:16  C:\Users\zgzen\OneDrive\Documents\npp_config\config.xml is opened.
2024-07-02 21:46:16  C:\Users\zgzen\OneDrive\Documents\npp_config\config.xml  10914/10914 bytes are written.
2024-07-02 21:46:16  C:\Users\zgzen\OneDrive\Documents\npp_config\config.xml is closed.
2024-07-02 21:46:16  C:\Users\zgzen\AppData\Roaming\Notepad++\session.xml is opened.
2024-07-02 21:46:16  C:\Users\zgzen\AppData\Roaming\Notepad++\session.xml  4923/4923 bytes are written.
2024-07-02 21:46:16  C:\Users\zgzen\AppData\Roaming\Notepad++\session.xml is closed.
2024-07-02 21:46:16  WM_DESTROY (isEndSessionStarted == true)
2024-07-02 21:50:09  WM_QUERYENDSESSION (lParam: 0 - ordinary system shutdown/restart) =====================================
2024-07-02 21:50:09  WM_ENDSESSION (wParam: TRUE, lParam: 0 - ordinary system shutdown/restart)
2024-07-02 21:50:09  C:\Users\zgzen\OneDrive\Documents\npp_config\config.xml is opened.
2024-07-02 21:50:09  C:\Users\zgzen\OneDrive\Documents\npp_config\config.xml  10897/10897 bytes are written.
2024-07-02 21:50:09  C:\Users\zgzen\OneDrive\Documents\npp_config\config.xml is closed.
2024-07-02 21:50:09  C:\Users\zgzen\AppData\Roaming\Notepad++\session.xml is opened.
2024-07-02 21:50:09  C:\Users\zgzen\AppData\Roaming\Notepad++\session.xml  4938/4938 bytes are written.
2024-07-02 21:50:09  C:\Users\zgzen\AppData\Roaming\Notepad++\session.xml is closed.
2024-07-02 21:50:09  WM_DESTROY (isEndSessionStarted == true)
2024-07-02 22:12:44  WM_QUERYENDSESSION (lParam: 0 - ordinary system shutdown/restart) =====================================
2024-07-02 22:12:44  WM_ENDSESSION (wParam: TRUE, lParam: 0 - ordinary system shutdown/restart)
2024-07-02 22:12:45  C:\Users\zgzen\OneDrive\Documents\npp_config\config.xml is opened.
2024-07-02 22:12:45  C:\Users\zgzen\OneDrive\Documents\npp_config\config.xml  10901/10901 bytes are written.
2024-07-02 22:12:45  C:\Users\zgzen\OneDrive\Documents\npp_config\config.xml is closed.
2024-07-02 22:12:45  C:\Users\zgzen\AppData\Roaming\Notepad++\session.xml is opened.
2024-07-02 22:12:45  C:\Users\zgzen\AppData\Roaming\Notepad++\session.xml  4961/4961 bytes are written.
2024-07-02 22:12:45  C:\Users\zgzen\AppData\Roaming\Notepad++\session.xml is closed.
2024-07-02 22:12:45  WM_DESTROY (isEndSessionStarted == true)
2024-07-02 22:17:52  WM_QUERYENDSESSION (lParam: 0 - ordinary system shutdown/restart) =====================================
2024-07-02 22:17:52  WM_ENDSESSION (wParam: TRUE, lParam: 0 - ordinary system shutdown/restart)
2024-07-02 22:17:53  C:\Users\zgzen\OneDrive\Documents\npp_config\config.xml is opened.
2024-07-02 22:17:53  C:\Users\zgzen\OneDrive\Documents\npp_config\config.xml  10901/10901 bytes are written.
2024-07-02 22:17:53  C:\Users\zgzen\OneDrive\Documents\npp_config\config.xml is closed.
2024-07-02 22:17:53  C:\Users\zgzen\AppData\Roaming\Notepad++\session.xml is opened.
2024-07-02 22:17:53  C:\Users\zgzen\AppData\Roaming\Notepad++\session.xml  4349/4349 bytes are written.
2024-07-02 22:17:53  C:\Users\zgzen\AppData\Roaming\Notepad++\session.xml is closed.
2024-07-02 22:17:53  WM_DESTROY (isEndSessionStarted == true)
2024-07-02 22:20:02  WM_QUERYENDSESSION (lParam: 0 - ordinary system shutdown/restart) =====================================
2024-07-02 22:20:02  WM_ENDSESSION (wParam: TRUE, lParam: 0 - ordinary system shutdown/restart)
2024-07-02 22:20:02  C:\Users\zgzen\OneDrive\Documents\npp_config\config.xml is opened.
2024-07-02 22:20:02  C:\Users\zgzen\OneDrive\Documents\npp_config\config.xml  10781/10781 bytes are written.
2024-07-02 22:20:02  C:\Users\zgzen\OneDrive\Documents\npp_config\config.xml is closed.
2024-07-02 22:20:02  C:\Users\zgzen\AppData\Roaming\Notepad++\session.xml is opened.
2024-07-02 22:20:02  C:\Users\zgzen\AppData\Roaming\Notepad++\session.xml  4974/4974 bytes are written.
2024-07-02 22:20:02  C:\Users\zgzen\AppData\Roaming\Notepad++\session.xml is closed.
2024-07-02 22:20:02  WM_DESTROY (isEndSessionStarted == true)
2024-07-02 22:23:01  WM_QUERYENDSESSION (lParam: 0 - ordinary system shutdown/restart) =====================================
2024-07-02 22:23:01  WM_ENDSESSION (wParam: TRUE, lParam: 0 - ordinary system shutdown/restart)
2024-07-02 22:23:01  C:\Users\zgzen\OneDrive\Documents\npp_config\config.xml is opened.
2024-07-02 22:23:01  C:\Users\zgzen\OneDrive\Documents\npp_config\config.xml  10781/10781 bytes are written.
2024-07-02 22:23:01  C:\Users\zgzen\OneDrive\Documents\npp_config\config.xml is closed.
2024-07-02 22:23:01  C:\Users\zgzen\AppData\Roaming\Notepad++\session.xml is opened.
2024-07-02 22:23:01  C:\Users\zgzen\AppData\Roaming\Notepad++\session.xml  4974/4974 bytes are written.
2024-07-02 22:23:01  C:\Users\zgzen\AppData\Roaming\Notepad++\session.xml is closed.
2024-07-02 22:23:01  WM_DESTROY (isEndSessionStarted == true)
2024-07-02 22:44:54  WM_QUERYENDSESSION (lParam: 0 - ordinary system shutdown/restart) =====================================
2024-07-02 22:44:54  WM_ENDSESSION (wParam: TRUE, lParam: 0 - ordinary system shutdown/restart)
2024-07-02 22:44:54  C:\Users\zgzen\OneDrive\Documents\npp_config\config.xml is opened.
2024-07-02 22:44:54  C:\Users\zgzen\OneDrive\Documents\npp_config\config.xml  10901/10901 bytes are written.
2024-07-02 22:44:54  C:\Users\zgzen\OneDrive\Documents\npp_config\config.xml is closed.
2024-07-02 22:44:54  C:\Users\zgzen\AppData\Roaming\Notepad++\session.xml is opened.
2024-07-02 22:44:54  C:\Users\zgzen\AppData\Roaming\Notepad++\session.xml  4349/4349 bytes are written.
2024-07-02 22:44:54  C:\Users\zgzen\AppData\Roaming\Notepad++\session.xml is closed.
2024-07-02 22:44:54  WM_DESTROY (isEndSessionStarted == true)
2024-07-02 22:51:22  WM_QUERYENDSESSION (lParam: 0 - ordinary system shutdown/restart) =====================================
2024-07-02 22:51:22  WM_ENDSESSION (wParam: TRUE, lParam: 0 - ordinary system shutdown/restart)
2024-07-02 22:51:22  C:\Users\zgzen\OneDrive\Documents\npp_config\config.xml is opened.
2024-07-02 22:51:22  C:\Users\zgzen\OneDrive\Documents\npp_config\config.xml  10781/10781 bytes are written.
2024-07-02 22:51:22  C:\Users\zgzen\OneDrive\Documents\npp_config\config.xml is closed.
2024-07-02 22:51:22  C:\Users\zgzen\AppData\Roaming\Notepad++\session.xml is opened.
2024-07-02 22:51:22  C:\Users\zgzen\AppData\Roaming\Notepad++\session.xml  4970/4970 bytes are written.
2024-07-02 22:51:22  C:\Users\zgzen\AppData\Roaming\Notepad++\session.xml is closed.
2024-07-02 22:51:22  WM_DESTROY (isEndSessionStarted == true)
2024-07-02 22:55:26  WM_QUERYENDSESSION (lParam: 0 - ordinary system shutdown/restart) =====================================
2024-07-02 22:55:26  WM_ENDSESSION (wParam: TRUE, lParam: 0 - ordinary system shutdown/restart)
2024-07-02 22:55:26  C:\Users\zgzen\OneDrive\Documents\npp_config\config.xml is opened.
2024-07-02 22:55:26  C:\Users\zgzen\OneDrive\Documents\npp_config\config.xml  10901/10901 bytes are written.
2024-07-02 22:55:26  C:\Users\zgzen\OneDrive\Documents\npp_config\config.xml is closed.
2024-07-02 22:55:26  C:\Users\zgzen\AppData\Roaming\Notepad++\session.xml is opened.
2024-07-02 22:55:26  C:\Users\zgzen\AppData\Roaming\Notepad++\session.xml  4349/4349 bytes are written.
2024-07-02 22:55:26  C:\Users\zgzen\AppData\Roaming\Notepad++\session.xml is closed.
2024-07-02 22:55:26  WM_DESTROY (isEndSessionStarted == true)
2024-07-02 23:08:26  WM_QUERYENDSESSION (lParam: 0 - ordinary system shutdown/restart) =====================================
2024-07-02 23:08:26  WM_ENDSESSION (wParam: TRUE, lParam: 0 - ordinary system shutdown/restart)
2024-07-02 23:08:26  C:\Users\zgzen\OneDrive\Documents\npp_config\config.xml is opened.
2024-07-02 23:08:26  C:\Users\zgzen\OneDrive\Documents\npp_config\config.xml  10902/10902 bytes are written.
2024-07-02 23:08:26  C:\Users\zgzen\OneDrive\Documents\npp_config\config.xml is closed.
2024-07-02 23:08:26  C:\Users\zgzen\AppData\Roaming\Notepad++\session.xml is opened.
2024-07-02 23:08:26  C:\Users\zgzen\AppData\Roaming\Notepad++\session.xml  4990/4990 bytes are written.
2024-07-02 23:08:26  C:\Users\zgzen\AppData\Roaming\Notepad++\session.xml is closed.
2024-07-02 23:08:26  WM_DESTROY (isEndSessionStarted == true)
2024-07-03 09:20:54  WM_QUERYENDSESSION (lParam: 0 - ordinary system shutdown/restart) =====================================
2024-07-03 09:20:54  WM_ENDSESSION (wParam: TRUE, lParam: 0 - ordinary system shutdown/restart)
2024-07-03 09:20:54  C:\Users\zgzen\OneDrive\Documents\npp_config\config.xml is opened.
2024-07-03 09:20:54  C:\Users\zgzen\OneDrive\Documents\npp_config\config.xml  10837/10837 bytes are written.
2024-07-03 09:20:54  C:\Users\zgzen\OneDrive\Documents\npp_config\config.xml is closed.
2024-07-03 09:20:54  C:\Users\zgzen\AppData\Roaming\Notepad++\session.xml is opened.
2024-07-03 09:20:54  C:\Users\zgzen\AppData\Roaming\Notepad++\session.xml  5536/5536 bytes are written.
2024-07-03 09:20:54  C:\Users\zgzen\AppData\Roaming\Notepad++\session.xml is closed.
2024-07-03 09:20:54  WM_DESTROY (isEndSessionStarted == true)
2024-07-03 09:35:54  WM_QUERYENDSESSION (lParam: 0 - ordinary system shutdown/restart) =====================================
2024-07-03 09:35:54  WM_ENDSESSION (wParam: TRUE, lParam: 0 - ordinary system shutdown/restart)
2024-07-03 09:35:54  C:\Users\zgzen\OneDrive\Documents\npp_config\config.xml is opened.
2024-07-03 09:35:54  C:\Users\zgzen\OneDrive\Documents\npp_config\config.xml  10857/10857 bytes are written.
2024-07-03 09:35:54  C:\Users\zgzen\OneDrive\Documents\npp_config\config.xml is closed.
2024-07-03 09:35:54  C:\Users\zgzen\AppData\Roaming\Notepad++\session.xml is opened.
2024-07-03 09:35:54  C:\Users\zgzen\AppData\Roaming\Notepad++\session.xml  4349/4349 bytes are written.
2024-07-03 09:35:54  C:\Users\zgzen\AppData\Roaming\Notepad++\session.xml is closed.
2024-07-03 09:35:54  WM_DESTROY (isEndSessionStarted == true)
2024-07-04 09:39:35  WM_QUERYENDSESSION (lParam: 0 - ordinary system shutdown/restart) =====================================
2024-07-04 09:39:35  WM_ENDSESSION (wParam: TRUE, lParam: 0 - ordinary system shutdown/restart)
2024-07-04 09:39:35  C:\Users\zgzen\OneDrive\Documents\npp_config\config.xml is opened.
2024-07-04 09:39:35  C:\Users\zgzen\OneDrive\Documents\npp_config\config.xml  10868/10868 bytes are written.
2024-07-04 09:39:35  C:\Users\zgzen\OneDrive\Documents\npp_config\config.xml is closed.
2024-07-04 09:39:35  C:\Users\zgzen\AppData\Roaming\Notepad++\session.xml is opened.
2024-07-04 09:39:35  C:\Users\zgzen\AppData\Roaming\Notepad++\session.xml  5046/5046 bytes are written.
2024-07-04 09:39:35  C:\Users\zgzen\AppData\Roaming\Notepad++\session.xml is closed.
2024-07-04 09:39:35  WM_DESTROY (isEndSessionStarted == true)
2024-07-04 11:09:14  WM_QUERYENDSESSION (lParam: 0 - ordinary system shutdown/restart) =====================================
2024-07-04 11:09:14  WM_ENDSESSION (wParam: TRUE, lParam: 0 - ordinary system shutdown/restart)
2024-07-04 11:09:15  C:\Users\zgzen\OneDrive\Documents\npp_config\config.xml is opened.
2024-07-04 11:09:15  C:\Users\zgzen\OneDrive\Documents\npp_config\config.xml  10877/10877 bytes are written.
2024-07-04 11:09:15  C:\Users\zgzen\OneDrive\Documents\npp_config\config.xml is closed.
2024-07-04 11:09:15  C:\Users\zgzen\AppData\Roaming\Notepad++\session.xml is opened.
2024-07-04 11:09:15  C:\Users\zgzen\AppData\Roaming\Notepad++\session.xml  4969/4969 bytes are written.
2024-07-04 11:09:15  C:\Users\zgzen\AppData\Roaming\Notepad++\session.xml is closed.
2024-07-04 11:09:15  WM_DESTROY (isEndSessionStarted == true)
2024-07-08 19:56:55  WM_QUERYENDSESSION (lParam: 0 - ordinary system shutdown/restart) =====================================
2024-07-08 19:56:55  WM_ENDSESSION (wParam: TRUE, lParam: 0 - ordinary system shutdown/restart)
2024-07-08 19:56:55  C:\Users\zgzen\OneDrive\Documents\npp_config\config.xml is opened.
2024-07-08 19:56:55  C:\Users\zgzen\OneDrive\Documents\npp_config\config.xml  10863/10863 bytes are written.
2024-07-08 19:56:55  C:\Users\zgzen\OneDrive\Documents\npp_config\config.xml is closed.
2024-07-08 19:56:55  C:\Users\zgzen\AppData\Roaming\Notepad++\session.xml is opened.
2024-07-08 19:56:55  C:\Users\zgzen\AppData\Roaming\Notepad++\session.xml  2538/2538 bytes are written.
2024-07-08 19:56:55  C:\Users\zgzen\AppData\Roaming\Notepad++\session.xml is closed.
2024-07-08 19:56:55  WM_DESTROY (isEndSessionStarted == true)
2024-07-10 04:44:30  WM_QUERYENDSESSION (lParam: 1073741825 - ENDSESSION_CLOSEAPP - ENDSESSION_CRITICAL) =====================================
2024-07-10 04:44:30  WM_ENDSESSION (wParam: TRUE, lParam: 1073741825 - ENDSESSION_CLOSEAPP - ENDSESSION_CRITICAL)
2024-07-10 04:44:30  C:\Users\zgzen\OneDrive\Documents\npp_config\config.xml is opened.
2024-07-10 04:44:30  C:\Users\zgzen\OneDrive\Documents\npp_config\config.xml  10863/10863 bytes are written.
2024-07-10 04:44:30  C:\Users\zgzen\OneDrive\Documents\npp_config\config.xml is closed.
2024-07-10 04:44:30  C:\Users\zgzen\AppData\Roaming\Notepad++\session.xml is opened.
2024-07-10 04:44:30  C:\Users\zgzen\AppData\Roaming\Notepad++\session.xml  6231/6231 bytes are written.
2024-07-10 04:44:30  C:\Users\zgzen\AppData\Roaming\Notepad++\session.xml is closed.
2024-07-10 04:44:30  WM_DESTROY (isEndSessionStarted == true)
2024-07-12 20:14:43  WM_QUERYENDSESSION (lParam: 0 - ordinary system shutdown/restart) =====================================
2024-07-12 20:14:47  WM_ENDSESSION (wParam: TRUE, lParam: 1073741824 - ENDSESSION_CRITICAL)
2024-07-12 20:14:47  C:\Users\zgzen\OneDrive\Documents\npp_config\config.xml is opened.
2024-07-12 20:14:47  C:\Users\zgzen\OneDrive\Documents\npp_config\config.xml  10880/10880 bytes are written.
2024-07-12 20:14:47  C:\Users\zgzen\OneDrive\Documents\npp_config\config.xml is closed.
2024-07-12 20:14:47  WM_DESTROY (isEndSessionStarted == true)
2024-07-26 04:29:00  WM_QUERYENDSESSION (lParam: 1073741825 - ENDSESSION_CLOSEAPP - ENDSESSION_CRITICAL) =====================================
2024-07-26 04:29:00  WM_ENDSESSION (wParam: TRUE, lParam: 1073741825 - ENDSESSION_CLOSEAPP - ENDSESSION_CRITICAL)
2024-07-26 04:29:00  C:\Users\zgzen\OneDrive\Documents\npp_config\config.xml is opened.
2024-07-26 04:29:00  C:\Users\zgzen\OneDrive\Documents\npp_config\config.xml  10958/10958 bytes are written.
2024-07-26 04:29:00  C:\Users\zgzen\OneDrive\Documents\npp_config\config.xml is closed.
2024-07-26 04:29:00  C:\Users\zgzen\AppData\Roaming\Notepad++\session.xml is opened.
2024-07-26 04:29:00  C:\Users\zgzen\AppData\Roaming\Notepad++\session.xml  5799/5799 bytes are written.
2024-07-26 04:29:00  C:\Users\zgzen\AppData\Roaming\Notepad++\session.xml is closed.
2024-07-26 04:29:00  WM_DESTROY (isEndSessionStarted == true)
2024-08-04 17:14:04  WM_QUERYENDSESSION (lParam: 0 - ordinary system shutdown/restart) =====================================
2024-08-04 17:14:04  WM_ENDSESSION (wParam: TRUE, lParam: 0 - ordinary system shutdown/restart)
2024-08-04 17:14:04  C:\Users\zgzen\OneDrive\Documents\npp_config\config.xml is opened.
2024-08-04 17:14:04  C:\Users\zgzen\OneDrive\Documents\npp_config\config.xml  11179/11179 bytes are written.
2024-08-04 17:14:04  C:\Users\zgzen\OneDrive\Documents\npp_config\config.xml is closed.
2024-08-04 17:14:04  C:\Users\zgzen\AppData\Roaming\Notepad++\session.xml is opened.
2024-08-04 17:14:04  C:\Users\zgzen\AppData\Roaming\Notepad++\session.xml  2080/2080 bytes are written.
2024-08-04 17:14:04  C:\Users\zgzen\AppData\Roaming\Notepad++\session.xml is closed.
2024-08-04 17:14:04  WM_DESTROY (isEndSessionStarted == true)
2024-08-16 02:30:06  WM_QUERYENDSESSION (lParam: 1073741825 - ENDSESSION_CLOSEAPP - ENDSESSION_CRITICAL) =====================================
2024-08-16 02:30:07  WM_ENDSESSION (wParam: TRUE, lParam: 1073741825 - ENDSESSION_CLOSEAPP - ENDSESSION_CRITICAL)
2024-08-16 02:30:07  C:\Users\zgzen\OneDrive\Documents\npp_config\config.xml is opened.
2024-08-16 02:30:07  C:\Users\zgzen\OneDrive\Documents\npp_config\config.xml  10898/10898 bytes are written.
2024-08-16 02:30:07  C:\Users\zgzen\OneDrive\Documents\npp_config\config.xml is closed.
2024-08-16 02:30:07  C:\Users\zgzen\AppData\Roaming\Notepad++\session.xml is opened.
2024-08-16 02:30:07  C:\Users\zgzen\AppData\Roaming\Notepad++\session.xml  3277/3277 bytes are written.
2024-08-16 02:30:07  C:\Users\zgzen\AppData\Roaming\Notepad++\session.xml is closed.
2024-08-16 02:30:07  WM_DESTROY (isEndSessionStarted == true)
2024-08-18 17:26:06  WM_QUERYENDSESSION (lParam: 0 - ordinary system shutdown/restart) =====================================
2024-08-18 17:26:07  WM_ENDSESSION (wParam: TRUE, lParam: 0 - ordinary system shutdown/restart)
2024-08-18 17:26:07  C:\Users\zgzen\OneDrive\Documents\npp_config\config.xml is opened.
2024-08-18 17:26:07  C:\Users\zgzen\OneDrive\Documents\npp_config\config.xml  11128/11128 bytes are written.
2024-08-18 17:26:07  C:\Users\zgzen\OneDrive\Documents\npp_config\config.xml is closed.
2024-08-18 17:26:07  WM_DESTROY (isEndSessionStarted == true)
2024-09-11 04:53:54  WM_QUERYENDSESSION (lParam: 1073741825 - ENDSESSION_CLOSEAPP - ENDSESSION_CRITICAL) =====================================
2024-09-11 04:53:55  WM_ENDSESSION (wParam: TRUE, lParam: 1073741825 - ENDSESSION_CLOSEAPP - ENDSESSION_CRITICAL)
2024-09-11 04:53:55  C:\Users\zgzen\OneDrive\Documents\npp_config\config.xml is opened.
2024-09-11 04:53:55  C:\Users\zgzen\OneDrive\Documents\npp_config\config.xml  10934/10934 bytes are written.
2024-09-11 04:53:55  C:\Users\zgzen\OneDrive\Documents\npp_config\config.xml is closed.
2024-09-11 04:53:55  C:\Users\zgzen\AppData\Roaming\Notepad++\session.xml is opened.
2024-09-11 04:53:55  C:\Users\zgzen\AppData\Roaming\Notepad++\session.xml  3292/3292 bytes are written.
2024-09-11 04:53:55  C:\Users\zgzen\AppData\Roaming\Notepad++\session.xml is closed.
2024-09-11 04:53:55  WM_DESTROY (isEndSessionStarted == true)
2024-09-27 04:15:46  WM_QUERYENDSESSION (lParam: 1073741825 - ENDSESSION_CLOSEAPP - ENDSESSION_CRITICAL) =====================================
2024-09-27 04:15:46  WM_ENDSESSION (wParam: TRUE, lParam: 1073741825 - ENDSESSION_CLOSEAPP - ENDSESSION_CRITICAL)
2024-09-27 04:15:46  C:\Users\zgzen\OneDrive\Documents\npp_config\config.xml is opened.
2024-09-27 04:15:46  C:\Users\zgzen\OneDrive\Documents\npp_config\config.xml  11113/11113 bytes are written.
2024-09-27 04:15:46  C:\Users\zgzen\OneDrive\Documents\npp_config\config.xml is closed.
2024-09-27 04:15:46  C:\Users\zgzen\AppData\Roaming\Notepad++\session.xml is opened.
2024-09-27 04:15:46  C:\Users\zgzen\AppData\Roaming\Notepad++\session.xml  4615/4615 bytes are written.
2024-09-27 04:15:46  C:\Users\zgzen\AppData\Roaming\Notepad++\session.xml is closed.
2024-09-27 04:15:46  WM_DESTROY (isEndSessionStarted == true)
2024-10-02 20:14:34  WM_QUERYENDSESSION (lParam: 0 - ordinary system shutdown/restart) =====================================
2024-10-02 20:14:34  WM_ENDSESSION (wParam: TRUE, lParam: 0 - ordinary system shutdown/restart)
2024-10-02 20:14:34  C:\Users\zgzen\OneDrive\myConfigs\npp\config.xml is opened.
2024-10-02 20:14:34  C:\Users\zgzen\OneDrive\myConfigs\npp\config.xml  9259/9259 bytes are written.
2024-10-02 20:14:34  C:\Users\zgzen\OneDrive\myConfigs\npp\config.xml is closed.
2024-10-02 20:14:34  C:\Users\zgzen\AppData\Roaming\Notepad++\session.xml is opened.
2024-10-02 20:14:34  C:\Users\zgzen\AppData\Roaming\Notepad++\session.xml  3153/3153 bytes are written.
2024-10-02 20:14:34  C:\Users\zgzen\AppData\Roaming\Notepad++\session.xml is closed.
2024-10-02 20:14:34  WM_DESTROY (isEndSessionStarted == true)
2024-10-09 13:44:56  WM_QUERYENDSESSION (lParam: 0 - ordinary system shutdown/restart) =====================================
2024-10-09 13:44:56  WM_ENDSESSION (wParam: TRUE, lParam: 0 - ordinary system shutdown/restart)
2024-10-09 13:44:57  C:\Users\zgzen\OneDrive\Ramiro\myConfigs\npp\config.xml is opened.
2024-10-09 13:44:57  C:\Users\zgzen\OneDrive\Ramiro\myConfigs\npp\config.xml  9857/9857 bytes are written.
2024-10-09 13:44:57  C:\Users\zgzen\OneDrive\Ramiro\myConfigs\npp\config.xml is closed.
2024-10-09 13:44:57  C:\Users\zgzen\AppData\Roaming\Notepad++\session.xml is opened.
2024-10-09 13:44:57  C:\Users\zgzen\AppData\Roaming\Notepad++\session.xml  1611/1611 bytes are written.
2024-10-09 13:44:57  C:\Users\zgzen\AppData\Roaming\Notepad++\session.xml is closed.
2024-10-09 13:44:57  WM_DESTROY (isEndSessionStarted == true)
2024-10-23 11:14:25  WM_QUERYENDSESSION (lParam: 0 - ordinary system shutdown/restart) =====================================
2024-10-23 11:14:25  WM_ENDSESSION (wParam: TRUE, lParam: 0 - ordinary system shutdown/restart)
2024-10-23 11:14:25  C:\Users\zgzen\OneDrive\Ramiro\myConfigs\npp\config.xml is opened.
2024-10-23 11:14:25  C:\Users\zgzen\OneDrive\Ramiro\myConfigs\npp\config.xml  10271/10271 bytes are written.
2024-10-23 11:14:25  C:\Users\zgzen\OneDrive\Ramiro\myConfigs\npp\config.xml is closed.
2024-10-23 11:14:25  C:\Users\zgzen\AppData\Roaming\Notepad++\session.xml is opened.
2024-10-23 11:14:25  C:\Users\zgzen\AppData\Roaming\Notepad++\session.xml  1387/1387 bytes are written.
2024-10-23 11:14:25  C:\Users\zgzen\AppData\Roaming\Notepad++\session.xml is closed.
2024-10-23 11:14:25  WM_DESTROY (isEndSessionStarted == true)
2024-11-05 17:49:26  WM_QUERYENDSESSION (lParam: 0 - ordinary system shutdown/restart) =====================================
2024-11-05 17:49:26  WM_ENDSESSION (wParam: TRUE, lParam: 0 - ordinary system shutdown/restart)
2024-11-05 17:49:26  C:\Users\zgzen\OneDrive\Ramiro\myConfigs\npp\config.xml is opened.
2024-11-05 17:49:26  C:\Users\zgzen\OneDrive\Ramiro\myConfigs\npp\config.xml  10512/10512 bytes are written.
2024-11-05 17:49:26  C:\Users\zgzen\OneDrive\Ramiro\myConfigs\npp\config.xml is closed.
2024-11-05 17:49:26  C:\Users\zgzen\AppData\Roaming\Notepad++\session.xml is opened.
2024-11-05 17:49:26  C:\Users\zgzen\AppData\Roaming\Notepad++\session.xml  5017/5017 bytes are written.
2024-11-05 17:49:26  C:\Users\zgzen\AppData\Roaming\Notepad++\session.xml is closed.
2024-11-05 17:49:26  WM_DESTROY (isEndSessionStarted == true)
2024-11-05 19:04:21  WM_QUERYENDSESSION (lParam: 0 - ordinary system shutdown/restart) =====================================
2024-11-05 19:04:21  WM_ENDSESSION (wParam: TRUE, lParam: 0 - ordinary system shutdown/restart)
2024-11-05 19:04:22  C:\Users\zgzen\OneDrive\Ramiro\myConfigs\npp\config.xml is opened.
2024-11-05 19:04:22  C:\Users\zgzen\OneDrive\Ramiro\myConfigs\npp\config.xml  10499/10499 bytes are written.
2024-11-05 19:04:22  C:\Users\zgzen\OneDrive\Ramiro\myConfigs\npp\config.xml is closed.
2024-11-05 19:04:22  C:\Users\zgzen\AppData\Roaming\Notepad++\session.xml is opened.
2024-11-05 19:04:22  C:\Users\zgzen\AppData\Roaming\Notepad++\session.xml  5013/5013 bytes are written.
2024-11-05 19:04:22  C:\Users\zgzen\AppData\Roaming\Notepad++\session.xml is closed.
2024-11-05 19:04:22  WM_DESTROY (isEndSessionStarted == true)
2024-11-13 02:17:07  WM_QUERYENDSESSION (lParam: 1073741825 - ENDSESSION_CLOSEAPP - ENDSESSION_CRITICAL) =====================================
2024-11-13 02:17:08  WM_ENDSESSION (wParam: TRUE, lParam: 1073741825 - ENDSESSION_CLOSEAPP - ENDSESSION_CRITICAL)
2024-11-13 02:17:08  C:\Users\zgzen\OneDrive\Ramiro\myConfigs\npp\config.xml is opened.
2024-11-13 02:17:08  C:\Users\zgzen\OneDrive\Ramiro\myConfigs\npp\config.xml  10462/10462 bytes are written.
2024-11-13 02:17:08  C:\Users\zgzen\OneDrive\Ramiro\myConfigs\npp\config.xml is closed.
2024-11-13 02:17:08  C:\Users\zgzen\AppData\Roaming\Notepad++\session.xml is opened.
2024-11-13 02:17:08  C:\Users\zgzen\AppData\Roaming\Notepad++\session.xml  7247/7247 bytes are written.
2024-11-13 02:17:08  C:\Users\zgzen\AppData\Roaming\Notepad++\session.xml is closed.
2024-11-13 02:17:08  WM_DESTROY (isEndSessionStarted == true)
2024-11-19 00:10:25  WM_QUERYENDSESSION (lParam: 1073741824 - ENDSESSION_CRITICAL) =====================================
2024-11-19 00:10:25  WM_ENDSESSION (wParam: TRUE, lParam: 1073741824 - ENDSESSION_CRITICAL)
2024-11-19 00:10:25  C:\Users\zgzen\OneDrive\Ramiro\myConfigs\npp\config.xml is opened.
2024-11-19 00:10:25  C:\Users\zgzen\OneDrive\Ramiro\myConfigs\npp\config.xml  10408/10408 bytes are written.
2024-11-19 00:10:25  C:\Users\zgzen\OneDrive\Ramiro\myConfigs\npp\config.xml is closed.
2024-11-19 00:10:25  C:\Users\zgzen\AppData\Roaming\Notepad++\session.xml is opened.
2024-11-19 00:10:25  C:\Users\zgzen\AppData\Roaming\Notepad++\session.xml  5133/5133 bytes are written.
2024-11-19 00:10:25  C:\Users\zgzen\AppData\Roaming\Notepad++\session.xml is closed.
2024-11-19 00:10:25  WM_DESTROY (isEndSessionStarted == true)
2024-11-21 08:59:32  WM_QUERYENDSESSION (lParam: 1073741824 - ENDSESSION_CRITICAL) =====================================
2024-11-21 08:59:32  WM_ENDSESSION (wParam: TRUE, lParam: 1073741824 - ENDSESSION_CRITICAL)
2024-11-21 08:59:32  C:\Users\zgzen\OneDrive\Ramiro\myConfigs\npp\config.xml is opened.
2024-11-21 08:59:32  C:\Users\zgzen\OneDrive\Ramiro\myConfigs\npp\config.xml  10467/10467 bytes are written.
2024-11-21 08:59:32  C:\Users\zgzen\OneDrive\Ramiro\myConfigs\npp\config.xml is closed.
2024-11-21 08:59:32  C:\Users\zgzen\AppData\Roaming\Notepad++\session.xml is opened.
2024-11-21 08:59:32  C:\Users\zgzen\AppData\Roaming\Notepad++\session.xml  4432/4432 bytes are written.
2024-11-21 08:59:32  C:\Users\zgzen\AppData\Roaming\Notepad++\session.xml is closed.
2024-11-21 08:59:32  WM_DESTROY (isEndSessionStarted == true)
2024-11-22 02:12:05  WM_QUERYENDSESSION (lParam: 1073741825 - ENDSESSION_CLOSEAPP - ENDSESSION_CRITICAL) =====================================
2024-11-22 02:12:05  WM_ENDSESSION (wParam: TRUE, lParam: 1073741825 - ENDSESSION_CLOSEAPP - ENDSESSION_CRITICAL)
2024-11-22 02:12:06  C:\Users\zgzen\OneDrive\Ramiro\myConfigs\npp\config.xml is opened.
2024-11-22 02:12:06  C:\Users\zgzen\OneDrive\Ramiro\myConfigs\npp\config.xml  10371/10371 bytes are written.
2024-11-22 02:12:06  C:\Users\zgzen\OneDrive\Ramiro\myConfigs\npp\config.xml is closed.
2024-11-22 02:12:06  C:\Users\zgzen\AppData\Roaming\Notepad++\session.xml is opened.
2024-11-22 02:12:06  C:\Users\zgzen\AppData\Roaming\Notepad++\session.xml  6231/6231 bytes are written.
2024-11-22 02:12:06  C:\Users\zgzen\AppData\Roaming\Notepad++\session.xml is closed.
2024-11-22 02:12:06  WM_DESTROY (isEndSessionStarted == true)
2024-11-28 20:00:12  WM_QUERYENDSESSION (lParam: 0 - ordinary system shutdown/restart) =====================================
2024-11-28 20:00:12  WM_ENDSESSION (wParam: TRUE, lParam: 0 - ordinary system shutdown/restart)
2024-11-28 20:00:13  C:\Users\zgzen\OneDrive\Ramiro\myConfigs\npp\config.xml is opened.
2024-11-28 20:00:13  C:\Users\zgzen\OneDrive\Ramiro\myConfigs\npp\config.xml  10518/10518 bytes are written.
2024-11-28 20:00:13  C:\Users\zgzen\OneDrive\Ramiro\myConfigs\npp\config.xml is closed.
2024-11-28 20:00:13  C:\Users\zgzen\AppData\Roaming\Notepad++\session.xml is opened.
2024-11-28 20:00:13  C:\Users\zgzen\AppData\Roaming\Notepad++\session.xml  793/793 bytes are written.
2024-11-28 20:00:13  C:\Users\zgzen\AppData\Roaming\Notepad++\session.xml is closed.
2024-11-28 20:00:13  WM_DESTROY (isEndSessionStarted == true)
2024-11-30 18:56:46  WM_QUERYENDSESSION (lParam: 0 - ordinary system shutdown/restart) =====================================
2024-11-30 18:56:46  WM_ENDSESSION (wParam: TRUE, lParam: 0 - ordinary system shutdown/restart)
2024-11-30 18:56:46  C:\Users\zgzen\OneDrive\Ramiro\myConfigs\npp\config.xml is opened.
2024-11-30 18:56:46  C:\Users\zgzen\OneDrive\Ramiro\myConfigs\npp\config.xml  10510/10510 bytes are written.
2024-11-30 18:56:46  C:\Users\zgzen\OneDrive\Ramiro\myConfigs\npp\config.xml is closed.
2024-11-30 18:56:46  C:\Users\zgzen\AppData\Roaming\Notepad++\session.xml is opened.
2024-11-30 18:56:46  C:\Users\zgzen\AppData\Roaming\Notepad++\session.xml  867/867 bytes are written.
2024-11-30 18:56:46  C:\Users\zgzen\AppData\Roaming\Notepad++\session.xml is closed.
2024-11-30 18:56:46  WM_DESTROY (isEndSessionStarted == true)
